{"/Users/joe/Projects/Experiments/axia/src/index.ts": {"path":"/Users/joe/Projects/Experiments/axia/src/index.ts","statementMap":{},"fnMap":{},"branchMap":{},"s":{},"f":{},"b":{},"meta":{"lastBranch":0,"lastFunction":0,"lastStatement":0,"seen":{}}}
,"/Users/joe/Projects/Experiments/axia/src/types.ts": {"path":"/Users/joe/Projects/Experiments/axia/src/types.ts","statementMap":{},"fnMap":{},"branchMap":{},"s":{},"f":{},"b":{},"meta":{"lastBranch":0,"lastFunction":0,"lastStatement":0,"seen":{}}}
,"/Users/joe/Projects/Experiments/axia/src/audio/AudioManager.ts": {"path":"/Users/joe/Projects/Experiments/axia/src/audio/AudioManager.ts","statementMap":{"0":{"start":{"line":13,"column":2},"end":{"line":13,"column":null}},"1":{"start":{"line":16,"column":4},"end":{"line":16,"column":null}},"2":{"start":{"line":20,"column":18},"end":{"line":20,"column":null}},"3":{"start":{"line":21,"column":4},"end":{"line":21,"column":null}},"4":{"start":{"line":22,"column":4},"end":{"line":22,"column":null}},"5":{"start":{"line":23,"column":4},"end":{"line":23,"column":null}},"6":{"start":{"line":24,"column":4},"end":{"line":24,"column":null}},"7":{"start":{"line":24,"column":30},"end":{"line":24,"column":69}},"8":{"start":{"line":28,"column":4},"end":{"line":28,"column":null}},"9":{"start":{"line":33,"column":2},"end":{"line":33,"column":null}},"10":{"start":{"line":34,"column":2},"end":{"line":34,"column":null}},"11":{"start":{"line":35,"column":2},"end":{"line":35,"column":null}},"12":{"start":{"line":36,"column":2},"end":{"line":36,"column":null}},"13":{"start":{"line":37,"column":2},"end":{"line":37,"column":null}},"14":{"start":{"line":38,"column":2},"end":{"line":38,"column":null}},"15":{"start":{"line":44,"column":4},"end":{"line":44,"column":null}},"16":{"start":{"line":51,"column":4},"end":{"line":53,"column":null}},"17":{"start":{"line":52,"column":6},"end":{"line":52,"column":null}},"18":{"start":{"line":60,"column":4},"end":{"line":60,"column":null}},"19":{"start":{"line":60,"column":20},"end":{"line":60,"column":null}},"20":{"start":{"line":62,"column":18},"end":{"line":62,"column":null}},"21":{"start":{"line":63,"column":4},"end":{"line":66,"column":null}},"22":{"start":{"line":64,"column":6},"end":{"line":64,"column":null}},"23":{"start":{"line":65,"column":6},"end":{"line":65,"column":null}},"24":{"start":{"line":68,"column":10},"end":{"line":68,"column":null}},"25":{"start":{"line":69,"column":4},"end":{"line":69,"column":null}},"26":{"start":{"line":76,"column":16},"end":{"line":76,"column":null}},"27":{"start":{"line":77,"column":4},"end":{"line":77,"column":null}},"28":{"start":{"line":84,"column":4},"end":{"line":84,"column":null}},"29":{"start":{"line":84,"column":20},"end":{"line":84,"column":null}},"30":{"start":{"line":87,"column":4},"end":{"line":87,"column":null}},"31":{"start":{"line":89,"column":4},"end":{"line":89,"column":null}},"32":{"start":{"line":90,"column":4},"end":{"line":90,"column":null}},"33":{"start":{"line":91,"column":4},"end":{"line":91,"column":null}},"34":{"start":{"line":92,"column":4},"end":{"line":92,"column":null}},"35":{"start":{"line":93,"column":4},"end":{"line":93,"column":null}},"36":{"start":{"line":93,"column":35},"end":{"line":93,"column":74}},"37":{"start":{"line":100,"column":4},"end":{"line":104,"column":null}},"38":{"start":{"line":101,"column":6},"end":{"line":101,"column":null}},"39":{"start":{"line":102,"column":6},"end":{"line":102,"column":null}},"40":{"start":{"line":103,"column":6},"end":{"line":103,"column":null}},"41":{"start":{"line":111,"column":4},"end":{"line":113,"column":null}},"42":{"start":{"line":112,"column":6},"end":{"line":112,"column":null}},"43":{"start":{"line":120,"column":4},"end":{"line":122,"column":null}},"44":{"start":{"line":121,"column":6},"end":{"line":121,"column":null}},"45":{"start":{"line":121,"column":37},"end":{"line":121,"column":78}},"46":{"start":{"line":129,"column":4},"end":{"line":129,"column":null}},"47":{"start":{"line":130,"column":4},"end":{"line":132,"column":null}},"48":{"start":{"line":131,"column":6},"end":{"line":131,"column":null}},"49":{"start":{"line":139,"column":4},"end":{"line":139,"column":null}},"50":{"start":{"line":146,"column":4},"end":{"line":146,"column":null}},"51":{"start":{"line":147,"column":4},"end":{"line":149,"column":null}},"52":{"start":{"line":148,"column":6},"end":{"line":148,"column":null}},"53":{"start":{"line":156,"column":4},"end":{"line":156,"column":null}},"54":{"start":{"line":163,"column":4},"end":{"line":163,"column":null}},"55":{"start":{"line":170,"column":4},"end":{"line":170,"column":null}},"56":{"start":{"line":177,"column":4},"end":{"line":177,"column":null}},"57":{"start":{"line":178,"column":4},"end":{"line":180,"column":null}},"58":{"start":{"line":179,"column":6},"end":{"line":179,"column":null}},"59":{"start":{"line":187,"column":4},"end":{"line":187,"column":null}},"60":{"start":{"line":188,"column":4},"end":{"line":190,"column":null}},"61":{"start":{"line":189,"column":6},"end":{"line":189,"column":null}},"62":{"start":{"line":197,"column":4},"end":{"line":201,"column":null}},"63":{"start":{"line":198,"column":6},"end":{"line":198,"column":null}},"64":{"start":{"line":200,"column":6},"end":{"line":200,"column":null}},"65":{"start":{"line":202,"column":4},"end":{"line":202,"column":null}},"66":{"start":{"line":209,"column":4},"end":{"line":209,"column":null}},"67":{"start":{"line":214,"column":28},"end":{"line":214,"column":null}}},"fnMap":{"0":{"name":"(anonymous_0)","decl":{"start":{"line":15,"column":2},"end":{"line":15,"column":14}},"loc":{"start":{"line":15,"column":27},"end":{"line":17,"column":null}},"line":15},"1":{"name":"(anonymous_1)","decl":{"start":{"line":19,"column":2},"end":{"line":19,"column":7}},"loc":{"start":{"line":19,"column":41},"end":{"line":25,"column":null}},"line":19},"2":{"name":"(anonymous_2)","decl":{"start":{"line":24,"column":23},"end":{"line":24,"column":30}},"loc":{"start":{"line":24,"column":30},"end":{"line":24,"column":69}},"line":24},"3":{"name":"(anonymous_3)","decl":{"start":{"line":27,"column":2},"end":{"line":27,"column":12}},"loc":{"start":{"line":27,"column":34},"end":{"line":29,"column":null}},"line":27},"4":{"name":"(anonymous_4)","decl":{"start":{"line":32,"column":7},"end":{"line":32,"column":13}},"loc":{"start":{"line":32,"column":7},"end":{"line":38,"column":null}},"line":32},"5":{"name":"(anonymous_5)","decl":{"start":{"line":43,"column":2},"end":{"line":43,"column":12}},"loc":{"start":{"line":43,"column":44},"end":{"line":45,"column":null}},"line":43},"6":{"name":"(anonymous_6)","decl":{"start":{"line":50,"column":2},"end":{"line":50,"column":13}},"loc":{"start":{"line":50,"column":51},"end":{"line":54,"column":null}},"line":50},"7":{"name":"(anonymous_7)","decl":{"start":{"line":51,"column":35},"end":{"line":51,"column":36}},"loc":{"start":{"line":51,"column":51},"end":{"line":53,"column":5}},"line":51},"8":{"name":"(anonymous_8)","decl":{"start":{"line":59,"column":2},"end":{"line":59,"column":12}},"loc":{"start":{"line":59,"column":59},"end":{"line":70,"column":null}},"line":59},"9":{"name":"(anonymous_9)","decl":{"start":{"line":75,"column":2},"end":{"line":75,"column":18}},"loc":{"start":{"line":75,"column":68},"end":{"line":78,"column":null}},"line":75},"10":{"name":"(anonymous_10)","decl":{"start":{"line":83,"column":2},"end":{"line":83,"column":12}},"loc":{"start":{"line":83,"column":59},"end":{"line":94,"column":null}},"line":83},"11":{"name":"(anonymous_11)","decl":{"start":{"line":93,"column":28},"end":{"line":93,"column":35}},"loc":{"start":{"line":93,"column":35},"end":{"line":93,"column":74}},"line":93},"12":{"name":"(anonymous_12)","decl":{"start":{"line":99,"column":2},"end":{"line":99,"column":20}},"loc":{"start":{"line":99,"column":20},"end":{"line":105,"column":null}},"line":99},"13":{"name":"(anonymous_13)","decl":{"start":{"line":110,"column":2},"end":{"line":110,"column":21}},"loc":{"start":{"line":110,"column":21},"end":{"line":114,"column":null}},"line":110},"14":{"name":"(anonymous_14)","decl":{"start":{"line":119,"column":2},"end":{"line":119,"column":22}},"loc":{"start":{"line":119,"column":22},"end":{"line":123,"column":null}},"line":119},"15":{"name":"(anonymous_15)","decl":{"start":{"line":121,"column":30},"end":{"line":121,"column":37}},"loc":{"start":{"line":121,"column":37},"end":{"line":121,"column":78}},"line":121},"16":{"name":"(anonymous_16)","decl":{"start":{"line":128,"column":2},"end":{"line":128,"column":18}},"loc":{"start":{"line":128,"column":40},"end":{"line":133,"column":null}},"line":128},"17":{"name":"(anonymous_17)","decl":{"start":{"line":138,"column":2},"end":{"line":138,"column":28}},"loc":{"start":{"line":138,"column":28},"end":{"line":140,"column":null}},"line":138},"18":{"name":"(anonymous_18)","decl":{"start":{"line":145,"column":2},"end":{"line":145,"column":17}},"loc":{"start":{"line":145,"column":39},"end":{"line":150,"column":null}},"line":145},"19":{"name":"(anonymous_19)","decl":{"start":{"line":155,"column":2},"end":{"line":155,"column":27}},"loc":{"start":{"line":155,"column":27},"end":{"line":157,"column":null}},"line":155},"20":{"name":"(anonymous_20)","decl":{"start":{"line":162,"column":2},"end":{"line":162,"column":15}},"loc":{"start":{"line":162,"column":37},"end":{"line":164,"column":null}},"line":162},"21":{"name":"(anonymous_21)","decl":{"start":{"line":169,"column":2},"end":{"line":169,"column":25}},"loc":{"start":{"line":169,"column":25},"end":{"line":171,"column":null}},"line":169},"22":{"name":"(anonymous_22)","decl":{"start":{"line":176,"column":2},"end":{"line":176,"column":15}},"loc":{"start":{"line":176,"column":15},"end":{"line":181,"column":null}},"line":176},"23":{"name":"(anonymous_23)","decl":{"start":{"line":186,"column":2},"end":{"line":186,"column":17}},"loc":{"start":{"line":186,"column":17},"end":{"line":191,"column":null}},"line":186},"24":{"name":"(anonymous_24)","decl":{"start":{"line":196,"column":2},"end":{"line":196,"column":24}},"loc":{"start":{"line":196,"column":24},"end":{"line":203,"column":null}},"line":196},"25":{"name":"(anonymous_25)","decl":{"start":{"line":208,"column":2},"end":{"line":208,"column":21}},"loc":{"start":{"line":208,"column":21},"end":{"line":210,"column":null}},"line":208}},"branchMap":{"0":{"loc":{"start":{"line":19,"column":7},"end":{"line":19,"column":41}},"type":"default-arg","locations":[{"start":{"line":19,"column":31},"end":{"line":19,"column":41}}],"line":19},"1":{"loc":{"start":{"line":21,"column":20},"end":{"line":21,"column":43}},"type":"binary-expr","locations":[{"start":{"line":21,"column":20},"end":{"line":21,"column":38}},{"start":{"line":21,"column":38},"end":{"line":21,"column":43}}],"line":21},"2":{"loc":{"start":{"line":22,"column":17},"end":{"line":22,"column":null}},"type":"binary-expr","locations":[{"start":{"line":22,"column":17},"end":{"line":22,"column":33}},{"start":{"line":22,"column":33},"end":{"line":22,"column":null}}],"line":22},"3":{"loc":{"start":{"line":23,"column":25},"end":{"line":23,"column":null}},"type":"binary-expr","locations":[{"start":{"line":23,"column":25},"end":{"line":23,"column":41}},{"start":{"line":23,"column":41},"end":{"line":23,"column":null}}],"line":23},"4":{"loc":{"start":{"line":59,"column":25},"end":{"line":59,"column":59}},"type":"default-arg","locations":[{"start":{"line":59,"column":49},"end":{"line":59,"column":59}}],"line":59},"5":{"loc":{"start":{"line":60,"column":4},"end":{"line":60,"column":null}},"type":"if","locations":[{"start":{"line":60,"column":4},"end":{"line":60,"column":null}},{"start":{},"end":{}}],"line":60},"6":{"loc":{"start":{"line":63,"column":4},"end":{"line":66,"column":null}},"type":"if","locations":[{"start":{"line":63,"column":4},"end":{"line":66,"column":null}},{"start":{},"end":{}}],"line":63},"7":{"loc":{"start":{"line":68,"column":20},"end":{"line":68,"column":43}},"type":"binary-expr","locations":[{"start":{"line":68,"column":20},"end":{"line":68,"column":38}},{"start":{"line":68,"column":38},"end":{"line":68,"column":43}}],"line":68},"8":{"loc":{"start":{"line":75,"column":34},"end":{"line":75,"column":68}},"type":"default-arg","locations":[{"start":{"line":75,"column":58},"end":{"line":75,"column":68}}],"line":75},"9":{"loc":{"start":{"line":83,"column":25},"end":{"line":83,"column":59}},"type":"default-arg","locations":[{"start":{"line":83,"column":49},"end":{"line":83,"column":59}}],"line":83},"10":{"loc":{"start":{"line":84,"column":4},"end":{"line":84,"column":null}},"type":"if","locations":[{"start":{"line":84,"column":4},"end":{"line":84,"column":null}},{"start":{},"end":{}}],"line":84},"11":{"loc":{"start":{"line":90,"column":25},"end":{"line":90,"column":48}},"type":"binary-expr","locations":[{"start":{"line":90,"column":25},"end":{"line":90,"column":43}},{"start":{"line":90,"column":43},"end":{"line":90,"column":48}}],"line":90},"12":{"loc":{"start":{"line":91,"column":22},"end":{"line":91,"column":null}},"type":"binary-expr","locations":[{"start":{"line":91,"column":22},"end":{"line":91,"column":38}},{"start":{"line":91,"column":38},"end":{"line":91,"column":null}}],"line":91},"13":{"loc":{"start":{"line":92,"column":30},"end":{"line":92,"column":null}},"type":"binary-expr","locations":[{"start":{"line":92,"column":30},"end":{"line":92,"column":46}},{"start":{"line":92,"column":46},"end":{"line":92,"column":null}}],"line":92},"14":{"loc":{"start":{"line":100,"column":4},"end":{"line":104,"column":null}},"type":"if","locations":[{"start":{"line":100,"column":4},"end":{"line":104,"column":null}},{"start":{},"end":{}}],"line":100},"15":{"loc":{"start":{"line":111,"column":4},"end":{"line":113,"column":null}},"type":"if","locations":[{"start":{"line":111,"column":4},"end":{"line":113,"column":null}},{"start":{},"end":{}}],"line":111},"16":{"loc":{"start":{"line":120,"column":4},"end":{"line":122,"column":null}},"type":"if","locations":[{"start":{"line":120,"column":4},"end":{"line":122,"column":null}},{"start":{},"end":{}}],"line":120},"17":{"loc":{"start":{"line":130,"column":4},"end":{"line":132,"column":null}},"type":"if","locations":[{"start":{"line":130,"column":4},"end":{"line":132,"column":null}},{"start":{},"end":{}}],"line":130},"18":{"loc":{"start":{"line":147,"column":4},"end":{"line":149,"column":null}},"type":"if","locations":[{"start":{"line":147,"column":4},"end":{"line":149,"column":null}},{"start":{},"end":{}}],"line":147},"19":{"loc":{"start":{"line":178,"column":4},"end":{"line":180,"column":null}},"type":"if","locations":[{"start":{"line":178,"column":4},"end":{"line":180,"column":null}},{"start":{},"end":{}}],"line":178},"20":{"loc":{"start":{"line":188,"column":4},"end":{"line":190,"column":null}},"type":"if","locations":[{"start":{"line":188,"column":4},"end":{"line":190,"column":null}},{"start":{},"end":{}}],"line":188},"21":{"loc":{"start":{"line":197,"column":4},"end":{"line":201,"column":null}},"type":"if","locations":[{"start":{"line":197,"column":4},"end":{"line":201,"column":null}},{"start":{"line":199,"column":11},"end":{"line":201,"column":null}}],"line":197}},"s":{"0":0,"1":0,"2":0,"3":0,"4":0,"5":0,"6":0,"7":0,"8":0,"9":0,"10":0,"11":0,"12":0,"13":0,"14":0,"15":0,"16":0,"17":0,"18":0,"19":0,"20":0,"21":0,"22":0,"23":0,"24":0,"25":0,"26":0,"27":0,"28":0,"29":0,"30":0,"31":0,"32":0,"33":0,"34":0,"35":0,"36":0,"37":0,"38":0,"39":0,"40":0,"41":0,"42":0,"43":0,"44":0,"45":0,"46":0,"47":0,"48":0,"49":0,"50":0,"51":0,"52":0,"53":0,"54":0,"55":0,"56":0,"57":0,"58":0,"59":0,"60":0,"61":0,"62":0,"63":0,"64":0,"65":0,"66":0,"67":0},"f":{"0":0,"1":0,"2":0,"3":0,"4":0,"5":0,"6":0,"7":0,"8":0,"9":0,"10":0,"11":0,"12":0,"13":0,"14":0,"15":0,"16":0,"17":0,"18":0,"19":0,"20":0,"21":0,"22":0,"23":0,"24":0,"25":0},"b":{"0":[0],"1":[0,0],"2":[0,0],"3":[0,0],"4":[0],"5":[0,0],"6":[0,0],"7":[0,0],"8":[0],"9":[0],"10":[0,0],"11":[0,0],"12":[0,0],"13":[0,0],"14":[0,0],"15":[0,0],"16":[0,0],"17":[0,0],"18":[0,0],"19":[0,0],"20":[0,0],"21":[0,0]},"meta":{"lastBranch":22,"lastFunction":26,"lastStatement":68,"seen":{"f:15:2:15:14":0,"s:13:2:13:Infinity":0,"s:16:4:16:Infinity":1,"f:19:2:19:7":1,"b:19:31:19:41":0,"s:20:18:20:Infinity":2,"s:21:4:21:Infinity":3,"b:21:20:21:38:21:38:21:43":1,"s:22:4:22:Infinity":4,"b:22:17:22:33:22:33:22:Infinity":2,"s:23:4:23:Infinity":5,"b:23:25:23:41:23:41:23:Infinity":3,"s:24:4:24:Infinity":6,"f:24:23:24:30":2,"s:24:30:24:69":7,"f:27:2:27:12":3,"s:28:4:28:Infinity":8,"f:32:7:32:13":4,"s:33:2:33:Infinity":9,"s:34:2:34:Infinity":10,"s:35:2:35:Infinity":11,"s:36:2:36:Infinity":12,"s:37:2:37:Infinity":13,"s:38:2:38:Infinity":14,"f:43:2:43:12":5,"s:44:4:44:Infinity":15,"f:50:2:50:13":6,"s:51:4:53:Infinity":16,"f:51:35:51:36":7,"s:52:6:52:Infinity":17,"f:59:2:59:12":8,"b:59:49:59:59":4,"b:60:4:60:Infinity:undefined:undefined:undefined:undefined":5,"s:60:4:60:Infinity":18,"s:60:20:60:Infinity":19,"s:62:18:62:Infinity":20,"b:63:4:66:Infinity:undefined:undefined:undefined:undefined":6,"s:63:4:66:Infinity":21,"s:64:6:64:Infinity":22,"s:65:6:65:Infinity":23,"s:68:10:68:Infinity":24,"b:68:20:68:38:68:38:68:43":7,"s:69:4:69:Infinity":25,"f:75:2:75:18":9,"b:75:58:75:68":8,"s:76:16:76:Infinity":26,"s:77:4:77:Infinity":27,"f:83:2:83:12":10,"b:83:49:83:59":9,"b:84:4:84:Infinity:undefined:undefined:undefined:undefined":10,"s:84:4:84:Infinity":28,"s:84:20:84:Infinity":29,"s:87:4:87:Infinity":30,"s:89:4:89:Infinity":31,"s:90:4:90:Infinity":32,"b:90:25:90:43:90:43:90:48":11,"s:91:4:91:Infinity":33,"b:91:22:91:38:91:38:91:Infinity":12,"s:92:4:92:Infinity":34,"b:92:30:92:46:92:46:92:Infinity":13,"s:93:4:93:Infinity":35,"f:93:28:93:35":11,"s:93:35:93:74":36,"f:99:2:99:20":12,"b:100:4:104:Infinity:undefined:undefined:undefined:undefined":14,"s:100:4:104:Infinity":37,"s:101:6:101:Infinity":38,"s:102:6:102:Infinity":39,"s:103:6:103:Infinity":40,"f:110:2:110:21":13,"b:111:4:113:Infinity:undefined:undefined:undefined:undefined":15,"s:111:4:113:Infinity":41,"s:112:6:112:Infinity":42,"f:119:2:119:22":14,"b:120:4:122:Infinity:undefined:undefined:undefined:undefined":16,"s:120:4:122:Infinity":43,"s:121:6:121:Infinity":44,"f:121:30:121:37":15,"s:121:37:121:78":45,"f:128:2:128:18":16,"s:129:4:129:Infinity":46,"b:130:4:132:Infinity:undefined:undefined:undefined:undefined":17,"s:130:4:132:Infinity":47,"s:131:6:131:Infinity":48,"f:138:2:138:28":17,"s:139:4:139:Infinity":49,"f:145:2:145:17":18,"s:146:4:146:Infinity":50,"b:147:4:149:Infinity:undefined:undefined:undefined:undefined":18,"s:147:4:149:Infinity":51,"s:148:6:148:Infinity":52,"f:155:2:155:27":19,"s:156:4:156:Infinity":53,"f:162:2:162:15":20,"s:163:4:163:Infinity":54,"f:169:2:169:25":21,"s:170:4:170:Infinity":55,"f:176:2:176:15":22,"s:177:4:177:Infinity":56,"b:178:4:180:Infinity:undefined:undefined:undefined:undefined":19,"s:178:4:180:Infinity":57,"s:179:6:179:Infinity":58,"f:186:2:186:17":23,"s:187:4:187:Infinity":59,"b:188:4:190:Infinity:undefined:undefined:undefined:undefined":20,"s:188:4:190:Infinity":60,"s:189:6:189:Infinity":61,"f:196:2:196:24":24,"b:197:4:201:Infinity:199:11:201:Infinity":21,"s:197:4:201:Infinity":62,"s:198:6:198:Infinity":63,"s:200:6:200:Infinity":64,"s:202:4:202:Infinity":65,"f:208:2:208:21":25,"s:209:4:209:Infinity":66,"s:214:28:214:Infinity":67}}}
,"/Users/joe/Projects/Experiments/axia/src/core/Camera.ts": {"path":"/Users/joe/Projects/Experiments/axia/src/core/Camera.ts","statementMap":{"0":{"start":{"line":23,"column":21},"end":{"line":23,"column":43}},"1":{"start":{"line":23,"column":43},"end":{"line":23,"column":59}},"2":{"start":{"line":8,"column":2},"end":{"line":8,"column":null}},"3":{"start":{"line":9,"column":2},"end":{"line":9,"column":null}},"4":{"start":{"line":10,"column":2},"end":{"line":10,"column":null}},"5":{"start":{"line":11,"column":2},"end":{"line":11,"column":null}},"6":{"start":{"line":13,"column":2},"end":{"line":13,"column":null}},"7":{"start":{"line":14,"column":2},"end":{"line":14,"column":null}},"8":{"start":{"line":15,"column":2},"end":{"line":15,"column":null}},"9":{"start":{"line":18,"column":2},"end":{"line":18,"column":null}},"10":{"start":{"line":19,"column":2},"end":{"line":19,"column":null}},"11":{"start":{"line":20,"column":2},"end":{"line":20,"column":null}},"12":{"start":{"line":21,"column":2},"end":{"line":21,"column":null}},"13":{"start":{"line":29,"column":4},"end":{"line":29,"column":null}},"14":{"start":{"line":30,"column":4},"end":{"line":30,"column":null}},"15":{"start":{"line":31,"column":4},"end":{"line":31,"column":null}},"16":{"start":{"line":38,"column":4},"end":{"line":38,"column":null}},"17":{"start":{"line":45,"column":4},"end":{"line":45,"column":null}},"18":{"start":{"line":46,"column":4},"end":{"line":46,"column":null}},"19":{"start":{"line":53,"column":4},"end":{"line":53,"column":null}},"20":{"start":{"line":60,"column":4},"end":{"line":60,"column":null}},"21":{"start":{"line":61,"column":4},"end":{"line":61,"column":null}},"22":{"start":{"line":62,"column":4},"end":{"line":62,"column":null}},"23":{"start":{"line":70,"column":4},"end":{"line":76,"column":null}},"24":{"start":{"line":71,"column":22},"end":{"line":71,"column":null}},"25":{"start":{"line":72,"column":22},"end":{"line":72,"column":null}},"26":{"start":{"line":74,"column":6},"end":{"line":74,"column":null}},"27":{"start":{"line":75,"column":6},"end":{"line":75,"column":null}},"28":{"start":{"line":79,"column":4},"end":{"line":89,"column":null}},"29":{"start":{"line":80,"column":6},"end":{"line":80,"column":null}},"30":{"start":{"line":81,"column":23},"end":{"line":81,"column":null}},"31":{"start":{"line":82,"column":31},"end":{"line":82,"column":null}},"32":{"start":{"line":84,"column":6},"end":{"line":84,"column":null}},"33":{"start":{"line":85,"column":6},"end":{"line":85,"column":null}},"34":{"start":{"line":87,"column":6},"end":{"line":87,"column":null}},"35":{"start":{"line":88,"column":6},"end":{"line":88,"column":null}},"36":{"start":{"line":96,"column":4},"end":{"line":96,"column":null}},"37":{"start":{"line":97,"column":4},"end":{"line":97,"column":null}},"38":{"start":{"line":98,"column":4},"end":{"line":98,"column":null}},"39":{"start":{"line":99,"column":4},"end":{"line":102,"column":null}},"40":{"start":{"line":109,"column":20},"end":{"line":109,"column":null}},"41":{"start":{"line":110,"column":20},"end":{"line":110,"column":null}},"42":{"start":{"line":113,"column":8},"end":{"line":113,"column":null}},"43":{"start":{"line":114,"column":8},"end":{"line":114,"column":null}},"44":{"start":{"line":117,"column":4},"end":{"line":124,"column":null}},"45":{"start":{"line":118,"column":18},"end":{"line":118,"column":null}},"46":{"start":{"line":119,"column":18},"end":{"line":119,"column":null}},"47":{"start":{"line":120,"column":23},"end":{"line":120,"column":null}},"48":{"start":{"line":121,"column":23},"end":{"line":121,"column":null}},"49":{"start":{"line":122,"column":6},"end":{"line":122,"column":null}},"50":{"start":{"line":123,"column":6},"end":{"line":123,"column":null}},"51":{"start":{"line":127,"column":4},"end":{"line":130,"column":null}},"52":{"start":{"line":137,"column":20},"end":{"line":137,"column":null}},"53":{"start":{"line":138,"column":20},"end":{"line":138,"column":null}},"54":{"start":{"line":141,"column":12},"end":{"line":141,"column":null}},"55":{"start":{"line":142,"column":12},"end":{"line":142,"column":null}},"56":{"start":{"line":145,"column":4},"end":{"line":152,"column":null}},"57":{"start":{"line":146,"column":18},"end":{"line":146,"column":null}},"58":{"start":{"line":147,"column":18},"end":{"line":147,"column":null}},"59":{"start":{"line":148,"column":23},"end":{"line":148,"column":null}},"60":{"start":{"line":149,"column":23},"end":{"line":149,"column":null}},"61":{"start":{"line":150,"column":6},"end":{"line":150,"column":null}},"62":{"start":{"line":151,"column":6},"end":{"line":151,"column":null}},"63":{"start":{"line":155,"column":4},"end":{"line":158,"column":null}}},"fnMap":{"0":{"name":"(anonymous_0)","decl":{"start":{"line":23,"column":2},"end":{"line":23,"column":21}},"loc":{"start":{"line":23,"column":59},"end":{"line":23,"column":null}},"line":23},"1":{"name":"(anonymous_1)","decl":{"start":{"line":28,"column":2},"end":{"line":28,"column":9}},"loc":{"start":{"line":28,"column":82},"end":{"line":32,"column":null}},"line":28},"2":{"name":"(anonymous_2)","decl":{"start":{"line":37,"column":2},"end":{"line":37,"column":21}},"loc":{"start":{"line":37,"column":21},"end":{"line":39,"column":null}},"line":37},"3":{"name":"(anonymous_3)","decl":{"start":{"line":44,"column":2},"end":{"line":44,"column":14}},"loc":{"start":{"line":44,"column":42},"end":{"line":47,"column":null}},"line":44},"4":{"name":"(anonymous_4)","decl":{"start":{"line":52,"column":2},"end":{"line":52,"column":10}},"loc":{"start":{"line":52,"column":30},"end":{"line":54,"column":null}},"line":52},"5":{"name":"(anonymous_5)","decl":{"start":{"line":59,"column":2},"end":{"line":59,"column":8}},"loc":{"start":{"line":59,"column":62},"end":{"line":63,"column":null}},"line":59},"6":{"name":"(anonymous_6)","decl":{"start":{"line":68,"column":2},"end":{"line":68,"column":9}},"loc":{"start":{"line":68,"column":34},"end":{"line":90,"column":null}},"line":68},"7":{"name":"(anonymous_7)","decl":{"start":{"line":95,"column":2},"end":{"line":95,"column":17}},"loc":{"start":{"line":95,"column":54},"end":{"line":103,"column":null}},"line":95},"8":{"name":"(anonymous_8)","decl":{"start":{"line":108,"column":2},"end":{"line":108,"column":16}},"loc":{"start":{"line":108,"column":57},"end":{"line":131,"column":null}},"line":108},"9":{"name":"(anonymous_9)","decl":{"start":{"line":136,"column":2},"end":{"line":136,"column":16}},"loc":{"start":{"line":136,"column":55},"end":{"line":159,"column":null}},"line":136}},"branchMap":{"0":{"loc":{"start":{"line":28,"column":25},"end":{"line":28,"column":57}},"type":"default-arg","locations":[{"start":{"line":28,"column":41},"end":{"line":28,"column":57}}],"line":28},"1":{"loc":{"start":{"line":28,"column":57},"end":{"line":28,"column":82}},"type":"default-arg","locations":[{"start":{"line":28,"column":73},"end":{"line":28,"column":82}}],"line":28},"2":{"loc":{"start":{"line":59,"column":8},"end":{"line":59,"column":32}},"type":"default-arg","locations":[{"start":{"line":59,"column":28},"end":{"line":59,"column":32}}],"line":59},"3":{"loc":{"start":{"line":59,"column":32},"end":{"line":59,"column":62}},"type":"default-arg","locations":[{"start":{"line":59,"column":51},"end":{"line":59,"column":62}}],"line":59},"4":{"loc":{"start":{"line":70,"column":4},"end":{"line":76,"column":null}},"type":"if","locations":[{"start":{"line":70,"column":4},"end":{"line":76,"column":null}},{"start":{},"end":{}}],"line":70},"5":{"loc":{"start":{"line":79,"column":4},"end":{"line":89,"column":null}},"type":"if","locations":[{"start":{"line":79,"column":4},"end":{"line":89,"column":null}},{"start":{"line":86,"column":11},"end":{"line":89,"column":null}}],"line":79},"6":{"loc":{"start":{"line":117,"column":4},"end":{"line":124,"column":null}},"type":"if","locations":[{"start":{"line":117,"column":4},"end":{"line":124,"column":null}},{"start":{},"end":{}}],"line":117},"7":{"loc":{"start":{"line":145,"column":4},"end":{"line":152,"column":null}},"type":"if","locations":[{"start":{"line":145,"column":4},"end":{"line":152,"column":null}},{"start":{},"end":{}}],"line":145}},"s":{"0":0,"1":0,"2":0,"3":0,"4":0,"5":0,"6":0,"7":0,"8":0,"9":0,"10":0,"11":0,"12":0,"13":0,"14":0,"15":0,"16":0,"17":0,"18":0,"19":0,"20":0,"21":0,"22":0,"23":0,"24":0,"25":0,"26":0,"27":0,"28":0,"29":0,"30":0,"31":0,"32":0,"33":0,"34":0,"35":0,"36":0,"37":0,"38":0,"39":0,"40":0,"41":0,"42":0,"43":0,"44":0,"45":0,"46":0,"47":0,"48":0,"49":0,"50":0,"51":0,"52":0,"53":0,"54":0,"55":0,"56":0,"57":0,"58":0,"59":0,"60":0,"61":0,"62":0,"63":0},"f":{"0":0,"1":0,"2":0,"3":0,"4":0,"5":0,"6":0,"7":0,"8":0,"9":0},"b":{"0":[0],"1":[0],"2":[0],"3":[0],"4":[0,0],"5":[0,0],"6":[0,0],"7":[0,0]},"meta":{"lastBranch":8,"lastFunction":10,"lastStatement":64,"seen":{"f:23:2:23:21":0,"s:23:21:23:43":0,"s:23:43:23:59":1,"s:8:2:8:Infinity":2,"s:9:2:9:Infinity":3,"s:10:2:10:Infinity":4,"s:11:2:11:Infinity":5,"s:13:2:13:Infinity":6,"s:14:2:14:Infinity":7,"s:15:2:15:Infinity":8,"s:18:2:18:Infinity":9,"s:19:2:19:Infinity":10,"s:20:2:20:Infinity":11,"s:21:2:21:Infinity":12,"f:28:2:28:9":1,"b:28:41:28:57":0,"b:28:73:28:82":1,"s:29:4:29:Infinity":13,"s:30:4:30:Infinity":14,"s:31:4:31:Infinity":15,"f:37:2:37:21":2,"s:38:4:38:Infinity":16,"f:44:2:44:14":3,"s:45:4:45:Infinity":17,"s:46:4:46:Infinity":18,"f:52:2:52:10":4,"s:53:4:53:Infinity":19,"f:59:2:59:8":5,"b:59:28:59:32":2,"b:59:51:59:62":3,"s:60:4:60:Infinity":20,"s:61:4:61:Infinity":21,"s:62:4:62:Infinity":22,"f:68:2:68:9":6,"b:70:4:76:Infinity:undefined:undefined:undefined:undefined":4,"s:70:4:76:Infinity":23,"s:71:22:71:Infinity":24,"s:72:22:72:Infinity":25,"s:74:6:74:Infinity":26,"s:75:6:75:Infinity":27,"b:79:4:89:Infinity:86:11:89:Infinity":5,"s:79:4:89:Infinity":28,"s:80:6:80:Infinity":29,"s:81:23:81:Infinity":30,"s:82:31:82:Infinity":31,"s:84:6:84:Infinity":32,"s:85:6:85:Infinity":33,"s:87:6:87:Infinity":34,"s:88:6:88:Infinity":35,"f:95:2:95:17":7,"s:96:4:96:Infinity":36,"s:97:4:97:Infinity":37,"s:98:4:98:Infinity":38,"s:99:4:102:Infinity":39,"f:108:2:108:16":8,"s:109:20:109:Infinity":40,"s:110:20:110:Infinity":41,"s:113:8:113:Infinity":42,"s:114:8:114:Infinity":43,"b:117:4:124:Infinity:undefined:undefined:undefined:undefined":6,"s:117:4:124:Infinity":44,"s:118:18:118:Infinity":45,"s:119:18:119:Infinity":46,"s:120:23:120:Infinity":47,"s:121:23:121:Infinity":48,"s:122:6:122:Infinity":49,"s:123:6:123:Infinity":50,"s:127:4:130:Infinity":51,"f:136:2:136:16":9,"s:137:20:137:Infinity":52,"s:138:20:138:Infinity":53,"s:141:12:141:Infinity":54,"s:142:12:142:Infinity":55,"b:145:4:152:Infinity:undefined:undefined:undefined:undefined":7,"s:145:4:152:Infinity":56,"s:146:18:146:Infinity":57,"s:147:18:147:Infinity":58,"s:148:23:148:Infinity":59,"s:149:23:149:Infinity":60,"s:150:6:150:Infinity":61,"s:151:6:151:Infinity":62,"s:155:4:158:Infinity":63}}}
,"/Users/joe/Projects/Experiments/axia/src/core/EventEmitter.ts": {"path":"/Users/joe/Projects/Experiments/axia/src/core/EventEmitter.ts","statementMap":{"0":{"start":{"line":7,"column":2},"end":{"line":7,"column":null}},"1":{"start":{"line":13,"column":4},"end":{"line":15,"column":null}},"2":{"start":{"line":14,"column":6},"end":{"line":14,"column":null}},"3":{"start":{"line":16,"column":4},"end":{"line":16,"column":null}},"4":{"start":{"line":17,"column":4},"end":{"line":17,"column":null}},"5":{"start":{"line":24,"column":20},"end":{"line":27,"column":null}},"6":{"start":{"line":25,"column":6},"end":{"line":25,"column":null}},"7":{"start":{"line":26,"column":6},"end":{"line":26,"column":null}},"8":{"start":{"line":28,"column":4},"end":{"line":28,"column":null}},"9":{"start":{"line":35,"column":4},"end":{"line":38,"column":null}},"10":{"start":{"line":36,"column":6},"end":{"line":36,"column":null}},"11":{"start":{"line":37,"column":6},"end":{"line":37,"column":null}},"12":{"start":{"line":40,"column":22},"end":{"line":40,"column":null}},"13":{"start":{"line":41,"column":4},"end":{"line":46,"column":null}},"14":{"start":{"line":42,"column":6},"end":{"line":42,"column":null}},"15":{"start":{"line":43,"column":6},"end":{"line":45,"column":null}},"16":{"start":{"line":44,"column":8},"end":{"line":44,"column":null}},"17":{"start":{"line":47,"column":4},"end":{"line":47,"column":null}},"18":{"start":{"line":54,"column":22},"end":{"line":54,"column":null}},"19":{"start":{"line":55,"column":4},"end":{"line":57,"column":null}},"20":{"start":{"line":56,"column":6},"end":{"line":56,"column":null}},"21":{"start":{"line":56,"column":36},"end":{"line":56,"column":50}},"22":{"start":{"line":58,"column":4},"end":{"line":58,"column":null}},"23":{"start":{"line":65,"column":4},"end":{"line":65,"column":null}}},"fnMap":{"0":{"name":"(anonymous_0)","decl":{"start":{"line":6,"column":7},"end":{"line":6,"column":13}},"loc":{"start":{"line":6,"column":7},"end":{"line":7,"column":null}},"line":6},"1":{"name":"(anonymous_1)","decl":{"start":{"line":12,"column":2},"end":{"line":12,"column":14}},"loc":{"start":{"line":12,"column":63},"end":{"line":18,"column":null}},"line":12},"2":{"name":"(anonymous_2)","decl":{"start":{"line":23,"column":2},"end":{"line":23,"column":16}},"loc":{"start":{"line":23,"column":65},"end":{"line":29,"column":null}},"line":23},"3":{"name":"(anonymous_3)","decl":{"start":{"line":24,"column":20},"end":{"line":24,"column":21}},"loc":{"start":{"line":24,"column":33},"end":{"line":27,"column":null}},"line":24},"4":{"name":"(anonymous_4)","decl":{"start":{"line":34,"column":2},"end":{"line":34,"column":6}},"loc":{"start":{"line":34,"column":53},"end":{"line":48,"column":null}},"line":34},"5":{"name":"(anonymous_5)","decl":{"start":{"line":53,"column":2},"end":{"line":53,"column":16}},"loc":{"start":{"line":53,"column":47},"end":{"line":59,"column":null}},"line":53},"6":{"name":"(anonymous_6)","decl":{"start":{"line":56,"column":24},"end":{"line":56,"column":36}},"loc":{"start":{"line":56,"column":36},"end":{"line":56,"column":50}},"line":56},"7":{"name":"(anonymous_7)","decl":{"start":{"line":64,"column":2},"end":{"line":64,"column":22}},"loc":{"start":{"line":64,"column":22},"end":{"line":66,"column":null}},"line":64}},"branchMap":{"0":{"loc":{"start":{"line":13,"column":4},"end":{"line":15,"column":null}},"type":"if","locations":[{"start":{"line":13,"column":4},"end":{"line":15,"column":null}},{"start":{},"end":{}}],"line":13},"1":{"loc":{"start":{"line":35,"column":4},"end":{"line":38,"column":null}},"type":"if","locations":[{"start":{"line":35,"column":4},"end":{"line":38,"column":null}},{"start":{},"end":{}}],"line":35},"2":{"loc":{"start":{"line":41,"column":4},"end":{"line":46,"column":null}},"type":"if","locations":[{"start":{"line":41,"column":4},"end":{"line":46,"column":null}},{"start":{},"end":{}}],"line":41},"3":{"loc":{"start":{"line":43,"column":6},"end":{"line":45,"column":null}},"type":"if","locations":[{"start":{"line":43,"column":6},"end":{"line":45,"column":null}},{"start":{},"end":{}}],"line":43},"4":{"loc":{"start":{"line":55,"column":4},"end":{"line":57,"column":null}},"type":"if","locations":[{"start":{"line":55,"column":4},"end":{"line":57,"column":null}},{"start":{},"end":{}}],"line":55}},"s":{"0":27,"1":39,"2":30,"3":39,"4":39,"5":7,"6":6,"7":6,"8":7,"9":13,"10":1,"11":1,"12":12,"13":12,"14":11,"15":11,"16":6,"17":12,"18":33,"19":33,"20":23,"21":29,"22":32,"23":3},"f":{"0":27,"1":39,"2":7,"3":6,"4":13,"5":33,"6":29,"7":3},"b":{"0":[30,9],"1":[1,12],"2":[11,1],"3":[6,5],"4":[23,10]},"meta":{"lastBranch":5,"lastFunction":8,"lastStatement":24,"seen":{"f:6:7:6:13":0,"s:7:2:7:Infinity":0,"f:12:2:12:14":1,"b:13:4:15:Infinity:undefined:undefined:undefined:undefined":0,"s:13:4:15:Infinity":1,"s:14:6:14:Infinity":2,"s:16:4:16:Infinity":3,"s:17:4:17:Infinity":4,"f:23:2:23:16":2,"s:24:20:27:Infinity":5,"f:24:20:24:21":3,"s:25:6:25:Infinity":6,"s:26:6:26:Infinity":7,"s:28:4:28:Infinity":8,"f:34:2:34:6":4,"b:35:4:38:Infinity:undefined:undefined:undefined:undefined":1,"s:35:4:38:Infinity":9,"s:36:6:36:Infinity":10,"s:37:6:37:Infinity":11,"s:40:22:40:Infinity":12,"b:41:4:46:Infinity:undefined:undefined:undefined:undefined":2,"s:41:4:46:Infinity":13,"s:42:6:42:Infinity":14,"b:43:6:45:Infinity:undefined:undefined:undefined:undefined":3,"s:43:6:45:Infinity":15,"s:44:8:44:Infinity":16,"s:47:4:47:Infinity":17,"f:53:2:53:16":5,"s:54:22:54:Infinity":18,"b:55:4:57:Infinity:undefined:undefined:undefined:undefined":4,"s:55:4:57:Infinity":19,"s:56:6:56:Infinity":20,"f:56:24:56:36":6,"s:56:36:56:50":21,"s:58:4:58:Infinity":22,"f:64:2:64:22":7,"s:65:4:65:Infinity":23}}}
,"/Users/joe/Projects/Experiments/axia/src/core/Game.ts": {"path":"/Users/joe/Projects/Experiments/axia/src/core/Game.ts","statementMap":{"0":{"start":{"line":79,"column":4},"end":{"line":79,"column":null}},"1":{"start":{"line":24,"column":2},"end":{"line":24,"column":null}},"2":{"start":{"line":25,"column":2},"end":{"line":25,"column":null}},"3":{"start":{"line":26,"column":2},"end":{"line":26,"column":null}},"4":{"start":{"line":27,"column":2},"end":{"line":27,"column":null}},"5":{"start":{"line":29,"column":2},"end":{"line":29,"column":null}},"6":{"start":{"line":30,"column":2},"end":{"line":30,"column":null}},"7":{"start":{"line":31,"column":2},"end":{"line":39,"column":null}},"8":{"start":{"line":41,"column":2},"end":{"line":41,"column":null}},"9":{"start":{"line":44,"column":2},"end":{"line":44,"column":null}},"10":{"start":{"line":45,"column":2},"end":{"line":45,"column":null}},"11":{"start":{"line":49,"column":2},"end":{"line":49,"column":null}},"12":{"start":{"line":50,"column":2},"end":{"line":50,"column":null}},"13":{"start":{"line":51,"column":2},"end":{"line":51,"column":null}},"14":{"start":{"line":52,"column":2},"end":{"line":52,"column":null}},"15":{"start":{"line":55,"column":2},"end":{"line":55,"column":null}},"16":{"start":{"line":56,"column":2},"end":{"line":56,"column":null}},"17":{"start":{"line":58,"column":2},"end":{"line":61,"column":null}},"18":{"start":{"line":59,"column":16},"end":{"line":59,"column":null}},"19":{"start":{"line":60,"column":4},"end":{"line":60,"column":null}},"20":{"start":{"line":63,"column":2},"end":{"line":66,"column":null}},"21":{"start":{"line":64,"column":16},"end":{"line":64,"column":null}},"22":{"start":{"line":65,"column":4},"end":{"line":65,"column":null}},"23":{"start":{"line":68,"column":2},"end":{"line":71,"column":null}},"24":{"start":{"line":69,"column":16},"end":{"line":69,"column":null}},"25":{"start":{"line":70,"column":4},"end":{"line":70,"column":null}},"26":{"start":{"line":73,"column":2},"end":{"line":76,"column":null}},"27":{"start":{"line":74,"column":16},"end":{"line":74,"column":null}},"28":{"start":{"line":75,"column":4},"end":{"line":75,"column":null}},"29":{"start":{"line":288,"column":2},"end":{"line":371,"column":null}},"30":{"start":{"line":289,"column":4},"end":{"line":289,"column":null}},"31":{"start":{"line":289,"column":23},"end":{"line":289,"column":null}},"32":{"start":{"line":292,"column":4},"end":{"line":298,"column":null}},"33":{"start":{"line":293,"column":22},"end":{"line":293,"column":null}},"34":{"start":{"line":294,"column":6},"end":{"line":297,"column":null}},"35":{"start":{"line":295,"column":8},"end":{"line":295,"column":null}},"36":{"start":{"line":296,"column":8},"end":{"line":296,"column":null}},"37":{"start":{"line":300,"column":8},"end":{"line":300,"column":null}},"38":{"start":{"line":301,"column":4},"end":{"line":301,"column":null}},"39":{"start":{"line":304,"column":4},"end":{"line":304,"column":null}},"40":{"start":{"line":307,"column":4},"end":{"line":307,"column":null}},"41":{"start":{"line":308,"column":4},"end":{"line":312,"column":null}},"42":{"start":{"line":309,"column":6},"end":{"line":309,"column":null}},"43":{"start":{"line":310,"column":6},"end":{"line":310,"column":null}},"44":{"start":{"line":311,"column":6},"end":{"line":311,"column":null}},"45":{"start":{"line":315,"column":4},"end":{"line":327,"column":null}},"46":{"start":{"line":316,"column":6},"end":{"line":316,"column":null}},"47":{"start":{"line":317,"column":6},"end":{"line":320,"column":null}},"48":{"start":{"line":322,"column":6},"end":{"line":326,"column":null}},"49":{"start":{"line":323,"column":28},"end":{"line":323,"column":null}},"50":{"start":{"line":324,"column":8},"end":{"line":324,"column":null}},"51":{"start":{"line":325,"column":8},"end":{"line":325,"column":null}},"52":{"start":{"line":330,"column":4},"end":{"line":330,"column":null}},"53":{"start":{"line":331,"column":4},"end":{"line":331,"column":null}},"54":{"start":{"line":334,"column":4},"end":{"line":334,"column":null}},"55":{"start":{"line":335,"column":4},"end":{"line":335,"column":null}},"56":{"start":{"line":336,"column":4},"end":{"line":338,"column":null}},"57":{"start":{"line":337,"column":6},"end":{"line":337,"column":null}},"58":{"start":{"line":340,"column":4},"end":{"line":342,"column":null}},"59":{"start":{"line":341,"column":6},"end":{"line":341,"column":null}},"60":{"start":{"line":344,"column":4},"end":{"line":344,"column":null}},"61":{"start":{"line":345,"column":4},"end":{"line":345,"column":null}},"62":{"start":{"line":347,"column":4},"end":{"line":351,"column":null}},"63":{"start":{"line":348,"column":6},"end":{"line":348,"column":null}},"64":{"start":{"line":349,"column":4},"end":{"line":351,"column":null}},"65":{"start":{"line":350,"column":6},"end":{"line":350,"column":null}},"66":{"start":{"line":353,"column":4},"end":{"line":353,"column":null}},"67":{"start":{"line":355,"column":4},"end":{"line":359,"column":null}},"68":{"start":{"line":356,"column":6},"end":{"line":356,"column":null}},"69":{"start":{"line":357,"column":6},"end":{"line":357,"column":null}},"70":{"start":{"line":358,"column":6},"end":{"line":358,"column":null}},"71":{"start":{"line":361,"column":4},"end":{"line":361,"column":null}},"72":{"start":{"line":364,"column":4},"end":{"line":366,"column":null}},"73":{"start":{"line":365,"column":6},"end":{"line":365,"column":null}},"74":{"start":{"line":368,"column":4},"end":{"line":368,"column":null}},"75":{"start":{"line":370,"column":4},"end":{"line":370,"column":null}},"76":{"start":{"line":82,"column":4},"end":{"line":82,"column":null}},"77":{"start":{"line":83,"column":4},"end":{"line":83,"column":null}},"78":{"start":{"line":84,"column":4},"end":{"line":84,"column":null}},"79":{"start":{"line":85,"column":4},"end":{"line":85,"column":null}},"80":{"start":{"line":86,"column":4},"end":{"line":86,"column":null}},"81":{"start":{"line":87,"column":4},"end":{"line":87,"column":null}},"82":{"start":{"line":88,"column":4},"end":{"line":88,"column":null}},"83":{"start":{"line":89,"column":4},"end":{"line":89,"column":null}},"84":{"start":{"line":91,"column":4},"end":{"line":93,"column":null}},"85":{"start":{"line":92,"column":6},"end":{"line":92,"column":null}},"86":{"start":{"line":96,"column":4},"end":{"line":104,"column":null}},"87":{"start":{"line":97,"column":6},"end":{"line":97,"column":null}},"88":{"start":{"line":99,"column":6},"end":{"line":99,"column":null}},"89":{"start":{"line":100,"column":21},"end":{"line":102,"column":null}},"90":{"start":{"line":103,"column":6},"end":{"line":103,"column":null}},"91":{"start":{"line":107,"column":4},"end":{"line":107,"column":null}},"92":{"start":{"line":108,"column":4},"end":{"line":108,"column":null}},"93":{"start":{"line":109,"column":4},"end":{"line":109,"column":null}},"94":{"start":{"line":110,"column":4},"end":{"line":110,"column":null}},"95":{"start":{"line":113,"column":16},"end":{"line":116,"column":null}},"96":{"start":{"line":118,"column":4},"end":{"line":120,"column":null}},"97":{"start":{"line":119,"column":6},"end":{"line":119,"column":null}},"98":{"start":{"line":122,"column":4},"end":{"line":122,"column":null}},"99":{"start":{"line":123,"column":4},"end":{"line":123,"column":null}},"100":{"start":{"line":125,"column":4},"end":{"line":128,"column":null}},"101":{"start":{"line":126,"column":6},"end":{"line":126,"column":null}},"102":{"start":{"line":127,"column":6},"end":{"line":127,"column":null}},"103":{"start":{"line":131,"column":4},"end":{"line":131,"column":null}},"104":{"start":{"line":132,"column":4},"end":{"line":132,"column":null}},"105":{"start":{"line":133,"column":4},"end":{"line":133,"column":null}},"106":{"start":{"line":136,"column":4},"end":{"line":143,"column":null}},"107":{"start":{"line":137,"column":6},"end":{"line":142,"column":null}},"108":{"start":{"line":138,"column":20},"end":{"line":138,"column":null}},"109":{"start":{"line":139,"column":8},"end":{"line":141,"column":null}},"110":{"start":{"line":140,"column":10},"end":{"line":140,"column":null}},"111":{"start":{"line":146,"column":4},"end":{"line":146,"column":null}},"112":{"start":{"line":149,"column":4},"end":{"line":151,"column":null}},"113":{"start":{"line":150,"column":6},"end":{"line":150,"column":null}},"114":{"start":{"line":158,"column":4},"end":{"line":158,"column":null}},"115":{"start":{"line":159,"column":4},"end":{"line":159,"column":null}},"116":{"start":{"line":160,"column":4},"end":{"line":160,"column":null}},"117":{"start":{"line":161,"column":4},"end":{"line":161,"column":null}},"118":{"start":{"line":168,"column":4},"end":{"line":168,"column":null}},"119":{"start":{"line":169,"column":4},"end":{"line":169,"column":null}},"120":{"start":{"line":170,"column":4},"end":{"line":170,"column":null}},"121":{"start":{"line":171,"column":4},"end":{"line":171,"column":null}},"122":{"start":{"line":181,"column":4},"end":{"line":186,"column":null}},"123":{"start":{"line":182,"column":6},"end":{"line":185,"column":null}},"124":{"start":{"line":188,"column":4},"end":{"line":188,"column":null}},"125":{"start":{"line":189,"column":4},"end":{"line":189,"column":null}},"126":{"start":{"line":199,"column":4},"end":{"line":201,"column":null}},"127":{"start":{"line":200,"column":6},"end":{"line":200,"column":null}},"128":{"start":{"line":203,"column":26},"end":{"line":203,"column":null}},"129":{"start":{"line":204,"column":4},"end":{"line":206,"column":null}},"130":{"start":{"line":205,"column":6},"end":{"line":205,"column":null}},"131":{"start":{"line":208,"column":21},"end":{"line":208,"column":null}},"132":{"start":{"line":209,"column":17},"end":{"line":209,"column":null}},"133":{"start":{"line":211,"column":4},"end":{"line":223,"column":null}},"134":{"start":{"line":212,"column":6},"end":{"line":212,"column":null}},"135":{"start":{"line":213,"column":6},"end":{"line":213,"column":null}},"136":{"start":{"line":214,"column":6},"end":{"line":220,"column":null}},"137":{"start":{"line":222,"column":6},"end":{"line":222,"column":null}},"138":{"start":{"line":230,"column":4},"end":{"line":232,"column":null}},"139":{"start":{"line":231,"column":6},"end":{"line":231,"column":null}},"140":{"start":{"line":234,"column":4},"end":{"line":236,"column":null}},"141":{"start":{"line":235,"column":6},"end":{"line":235,"column":null}},"142":{"start":{"line":238,"column":4},"end":{"line":238,"column":null}},"143":{"start":{"line":239,"column":4},"end":{"line":239,"column":null}},"144":{"start":{"line":240,"column":4},"end":{"line":240,"column":null}},"145":{"start":{"line":242,"column":4},"end":{"line":242,"column":null}},"146":{"start":{"line":249,"column":4},"end":{"line":249,"column":null}},"147":{"start":{"line":256,"column":4},"end":{"line":256,"column":null}},"148":{"start":{"line":256,"column":22},"end":{"line":256,"column":null}},"149":{"start":{"line":258,"column":22},"end":{"line":258,"column":null}},"150":{"start":{"line":259,"column":4},"end":{"line":259,"column":null}},"151":{"start":{"line":260,"column":4},"end":{"line":260,"column":null}},"152":{"start":{"line":261,"column":4},"end":{"line":261,"column":null}},"153":{"start":{"line":262,"column":4},"end":{"line":262,"column":null}},"154":{"start":{"line":263,"column":4},"end":{"line":263,"column":null}},"155":{"start":{"line":264,"column":4},"end":{"line":266,"column":null}},"156":{"start":{"line":265,"column":6},"end":{"line":265,"column":null}},"157":{"start":{"line":273,"column":4},"end":{"line":273,"column":null}},"158":{"start":{"line":273,"column":23},"end":{"line":273,"column":null}},"159":{"start":{"line":275,"column":4},"end":{"line":275,"column":null}},"160":{"start":{"line":276,"column":4},"end":{"line":276,"column":null}},"161":{"start":{"line":277,"column":4},"end":{"line":280,"column":null}},"162":{"start":{"line":278,"column":6},"end":{"line":278,"column":null}},"163":{"start":{"line":279,"column":6},"end":{"line":279,"column":null}},"164":{"start":{"line":281,"column":4},"end":{"line":281,"column":null}},"165":{"start":{"line":282,"column":4},"end":{"line":282,"column":null}},"166":{"start":{"line":377,"column":17},"end":{"line":377,"column":null}},"167":{"start":{"line":378,"column":4},"end":{"line":381,"column":null}},"168":{"start":{"line":388,"column":4},"end":{"line":393,"column":null}},"169":{"start":{"line":389,"column":6},"end":{"line":391,"column":null}},"170":{"start":{"line":390,"column":8},"end":{"line":390,"column":null}},"171":{"start":{"line":392,"column":6},"end":{"line":392,"column":null}},"172":{"start":{"line":395,"column":36},"end":{"line":395,"column":null}},"173":{"start":{"line":396,"column":21},"end":{"line":396,"column":null}},"174":{"start":{"line":398,"column":27},"end":{"line":421,"column":null}},"175":{"start":{"line":399,"column":6},"end":{"line":399,"column":null}},"176":{"start":{"line":399,"column":26},"end":{"line":399,"column":null}},"177":{"start":{"line":400,"column":6},"end":{"line":400,"column":null}},"178":{"start":{"line":401,"column":6},"end":{"line":418,"column":null}},"179":{"start":{"line":403,"column":10},"end":{"line":403,"column":null}},"180":{"start":{"line":404,"column":10},"end":{"line":404,"column":null}},"181":{"start":{"line":406,"column":10},"end":{"line":406,"column":null}},"182":{"start":{"line":407,"column":10},"end":{"line":407,"column":null}},"183":{"start":{"line":409,"column":10},"end":{"line":409,"column":null}},"184":{"start":{"line":410,"column":10},"end":{"line":410,"column":null}},"185":{"start":{"line":412,"column":10},"end":{"line":412,"column":null}},"186":{"start":{"line":413,"column":10},"end":{"line":413,"column":null}},"187":{"start":{"line":416,"column":10},"end":{"line":416,"column":null}},"188":{"start":{"line":417,"column":10},"end":{"line":417,"column":null}},"189":{"start":{"line":419,"column":6},"end":{"line":419,"column":null}},"190":{"start":{"line":420,"column":6},"end":{"line":420,"column":null}},"191":{"start":{"line":423,"column":26},"end":{"line":448,"column":null}},"192":{"start":{"line":424,"column":6},"end":{"line":424,"column":null}},"193":{"start":{"line":424,"column":30},"end":{"line":424,"column":null}},"194":{"start":{"line":425,"column":6},"end":{"line":425,"column":null}},"195":{"start":{"line":426,"column":6},"end":{"line":445,"column":null}},"196":{"start":{"line":428,"column":10},"end":{"line":428,"column":null}},"197":{"start":{"line":429,"column":10},"end":{"line":429,"column":null}},"198":{"start":{"line":431,"column":10},"end":{"line":431,"column":null}},"199":{"start":{"line":432,"column":10},"end":{"line":432,"column":null}},"200":{"start":{"line":434,"column":10},"end":{"line":434,"column":null}},"201":{"start":{"line":435,"column":10},"end":{"line":435,"column":null}},"202":{"start":{"line":437,"column":10},"end":{"line":437,"column":null}},"203":{"start":{"line":438,"column":10},"end":{"line":438,"column":null}},"204":{"start":{"line":441,"column":10},"end":{"line":443,"column":null}},"205":{"start":{"line":442,"column":12},"end":{"line":442,"column":null}},"206":{"start":{"line":444,"column":10},"end":{"line":444,"column":null}},"207":{"start":{"line":446,"column":6},"end":{"line":446,"column":null}},"208":{"start":{"line":447,"column":6},"end":{"line":447,"column":null}},"209":{"start":{"line":450,"column":4},"end":{"line":456,"column":null}},"210":{"start":{"line":451,"column":6},"end":{"line":451,"column":null}},"211":{"start":{"line":452,"column":6},"end":{"line":452,"column":null}},"212":{"start":{"line":454,"column":6},"end":{"line":454,"column":null}},"213":{"start":{"line":455,"column":6},"end":{"line":455,"column":null}},"214":{"start":{"line":463,"column":4},"end":{"line":463,"column":null}},"215":{"start":{"line":464,"column":4},"end":{"line":464,"column":null}},"216":{"start":{"line":465,"column":4},"end":{"line":465,"column":null}},"217":{"start":{"line":472,"column":4},"end":{"line":472,"column":null}},"218":{"start":{"line":473,"column":4},"end":{"line":473,"column":null}},"219":{"start":{"line":474,"column":4},"end":{"line":474,"column":null}},"220":{"start":{"line":475,"column":4},"end":{"line":475,"column":null}},"221":{"start":{"line":476,"column":4},"end":{"line":476,"column":null}},"222":{"start":{"line":477,"column":17},"end":{"line":477,"column":null}},"223":{"start":{"line":478,"column":4},"end":{"line":478,"column":null}},"224":{"start":{"line":479,"column":4},"end":{"line":479,"column":null}},"225":{"start":{"line":480,"column":4},"end":{"line":480,"column":null}},"226":{"start":{"line":487,"column":19},"end":{"line":487,"column":null}},"227":{"start":{"line":488,"column":4},"end":{"line":491,"column":null}},"228":{"start":{"line":489,"column":6},"end":{"line":489,"column":null}},"229":{"start":{"line":490,"column":6},"end":{"line":490,"column":null}},"230":{"start":{"line":494,"column":4},"end":{"line":496,"column":null}},"231":{"start":{"line":495,"column":6},"end":{"line":495,"column":null}},"232":{"start":{"line":498,"column":4},"end":{"line":498,"column":null}},"233":{"start":{"line":501,"column":4},"end":{"line":501,"column":null}},"234":{"start":{"line":508,"column":19},"end":{"line":508,"column":null}},"235":{"start":{"line":509,"column":4},"end":{"line":509,"column":null}},"236":{"start":{"line":509,"column":17},"end":{"line":509,"column":null}},"237":{"start":{"line":511,"column":24},"end":{"line":511,"column":null}},"238":{"start":{"line":512,"column":25},"end":{"line":512,"column":null}},"239":{"start":{"line":513,"column":24},"end":{"line":513,"column":null}},"240":{"start":{"line":514,"column":24},"end":{"line":514,"column":null}},"241":{"start":{"line":520,"column":4},"end":{"line":528,"column":null}},"242":{"start":{"line":522,"column":6},"end":{"line":522,"column":null}},"243":{"start":{"line":523,"column":6},"end":{"line":523,"column":null}},"244":{"start":{"line":526,"column":6},"end":{"line":526,"column":null}},"245":{"start":{"line":527,"column":6},"end":{"line":527,"column":null}},"246":{"start":{"line":531,"column":4},"end":{"line":531,"column":null}},"247":{"start":{"line":532,"column":4},"end":{"line":532,"column":null}},"248":{"start":{"line":538,"column":4},"end":{"line":543,"column":null}},"249":{"start":{"line":550,"column":4},"end":{"line":552,"column":null}},"250":{"start":{"line":551,"column":6},"end":{"line":551,"column":null}},"251":{"start":{"line":559,"column":4},"end":{"line":559,"column":null}},"252":{"start":{"line":561,"column":4},"end":{"line":561,"column":null}},"253":{"start":{"line":564,"column":4},"end":{"line":567,"column":null}},"254":{"start":{"line":565,"column":6},"end":{"line":565,"column":null}},"255":{"start":{"line":566,"column":6},"end":{"line":566,"column":null}},"256":{"start":{"line":569,"column":4},"end":{"line":571,"column":null}},"257":{"start":{"line":570,"column":6},"end":{"line":570,"column":null}},"258":{"start":{"line":572,"column":4},"end":{"line":572,"column":null}},"259":{"start":{"line":573,"column":4},"end":{"line":573,"column":null}}},"fnMap":{"0":{"name":"(anonymous_0)","decl":{"start":{"line":78,"column":2},"end":{"line":78,"column":14}},"loc":{"start":{"line":78,"column":41},"end":{"line":152,"column":null}},"line":78},"1":{"name":"(anonymous_1)","decl":{"start":{"line":58,"column":39},"end":{"line":58,"column":40}},"loc":{"start":{"line":58,"column":66},"end":{"line":61,"column":null}},"line":58},"2":{"name":"(anonymous_2)","decl":{"start":{"line":63,"column":39},"end":{"line":63,"column":40}},"loc":{"start":{"line":63,"column":66},"end":{"line":66,"column":null}},"line":63},"3":{"name":"(anonymous_3)","decl":{"start":{"line":68,"column":37},"end":{"line":68,"column":38}},"loc":{"start":{"line":68,"column":64},"end":{"line":71,"column":null}},"line":68},"4":{"name":"(anonymous_4)","decl":{"start":{"line":73,"column":33},"end":{"line":73,"column":34}},"loc":{"start":{"line":73,"column":58},"end":{"line":76,"column":null}},"line":73},"5":{"name":"(anonymous_5)","decl":{"start":{"line":288,"column":17},"end":{"line":288,"column":18}},"loc":{"start":{"line":288,"column":48},"end":{"line":371,"column":null}},"line":288},"6":{"name":"(anonymous_6)","decl":{"start":{"line":137,"column":50},"end":{"line":137,"column":51}},"loc":{"start":{"line":137,"column":57},"end":{"line":142,"column":7}},"line":137},"7":{"name":"(anonymous_7)","decl":{"start":{"line":157,"column":10},"end":{"line":157,"column":43}},"loc":{"start":{"line":157,"column":43},"end":{"line":162,"column":null}},"line":157},"8":{"name":"(anonymous_8)","decl":{"start":{"line":167,"column":10},"end":{"line":167,"column":44}},"loc":{"start":{"line":167,"column":44},"end":{"line":172,"column":null}},"line":167},"9":{"name":"(anonymous_9)","decl":{"start":{"line":177,"column":2},"end":{"line":177,"column":null}},"loc":{"start":{"line":180,"column":19},"end":{"line":190,"column":null}},"line":180},"10":{"name":"(anonymous_10)","decl":{"start":{"line":195,"column":2},"end":{"line":195,"column":null}},"loc":{"start":{"line":198,"column":19},"end":{"line":224,"column":null}},"line":198},"11":{"name":"(anonymous_11)","decl":{"start":{"line":211,"column":23},"end":{"line":211,"column":24}},"loc":{"start":{"line":211,"column":36},"end":{"line":223,"column":5}},"line":211},"12":{"name":"(anonymous_12)","decl":{"start":{"line":229,"column":10},"end":{"line":229,"column":21}},"loc":{"start":{"line":229,"column":41},"end":{"line":243,"column":null}},"line":229},"13":{"name":"(anonymous_13)","decl":{"start":{"line":248,"column":2},"end":{"line":248,"column":27}},"loc":{"start":{"line":248,"column":27},"end":{"line":250,"column":null}},"line":248},"14":{"name":"(anonymous_14)","decl":{"start":{"line":255,"column":2},"end":{"line":255,"column":16}},"loc":{"start":{"line":255,"column":16},"end":{"line":267,"column":null}},"line":255},"15":{"name":"(anonymous_15)","decl":{"start":{"line":272,"column":2},"end":{"line":272,"column":15}},"loc":{"start":{"line":272,"column":15},"end":{"line":283,"column":null}},"line":272},"16":{"name":"(anonymous_16)","decl":{"start":{"line":376,"column":2},"end":{"line":376,"column":15}},"loc":{"start":{"line":376,"column":63},"end":{"line":382,"column":null}},"line":376},"17":{"name":"(anonymous_17)","decl":{"start":{"line":387,"column":10},"end":{"line":387,"column":40}},"loc":{"start":{"line":387,"column":40},"end":{"line":457,"column":null}},"line":387},"18":{"name":"(anonymous_18)","decl":{"start":{"line":398,"column":27},"end":{"line":398,"column":33}},"loc":{"start":{"line":398,"column":33},"end":{"line":421,"column":null}},"line":398},"19":{"name":"(anonymous_19)","decl":{"start":{"line":423,"column":26},"end":{"line":423,"column":32}},"loc":{"start":{"line":423,"column":32},"end":{"line":448,"column":null}},"line":423},"20":{"name":"(anonymous_20)","decl":{"start":{"line":462,"column":10},"end":{"line":462,"column":35}},"loc":{"start":{"line":462,"column":35},"end":{"line":466,"column":null}},"line":462},"21":{"name":"(anonymous_21)","decl":{"start":{"line":471,"column":10},"end":{"line":471,"column":28}},"loc":{"start":{"line":471,"column":28},"end":{"line":481,"column":null}},"line":471},"22":{"name":"(anonymous_22)","decl":{"start":{"line":486,"column":10},"end":{"line":486,"column":40}},"loc":{"start":{"line":486,"column":40},"end":{"line":502,"column":null}},"line":486},"23":{"name":"(anonymous_23)","decl":{"start":{"line":494,"column":45},"end":{"line":494,"column":51}},"loc":{"start":{"line":494,"column":51},"end":{"line":496,"column":5}},"line":494},"24":{"name":"(anonymous_24)","decl":{"start":{"line":507,"column":10},"end":{"line":507,"column":35}},"loc":{"start":{"line":507,"column":35},"end":{"line":544,"column":null}},"line":507},"25":{"name":"(anonymous_25)","decl":{"start":{"line":549,"column":9},"end":{"line":549,"column":24}},"loc":{"start":{"line":549,"column":24},"end":{"line":553,"column":null}},"line":549},"26":{"name":"(anonymous_26)","decl":{"start":{"line":558,"column":2},"end":{"line":558,"column":18}},"loc":{"start":{"line":558,"column":18},"end":{"line":574,"column":null}},"line":558}},"branchMap":{"0":{"loc":{"start":{"line":78,"column":14},"end":{"line":78,"column":41}},"type":"default-arg","locations":[{"start":{"line":78,"column":37},"end":{"line":78,"column":41}}],"line":78},"1":{"loc":{"start":{"line":289,"column":4},"end":{"line":289,"column":null}},"type":"if","locations":[{"start":{"line":289,"column":4},"end":{"line":289,"column":null}},{"start":{},"end":{}}],"line":289},"2":{"loc":{"start":{"line":292,"column":4},"end":{"line":298,"column":null}},"type":"if","locations":[{"start":{"line":292,"column":4},"end":{"line":298,"column":null}},{"start":{},"end":{}}],"line":292},"3":{"loc":{"start":{"line":294,"column":6},"end":{"line":297,"column":null}},"type":"if","locations":[{"start":{"line":294,"column":6},"end":{"line":297,"column":null}},{"start":{},"end":{}}],"line":294},"4":{"loc":{"start":{"line":308,"column":4},"end":{"line":312,"column":null}},"type":"if","locations":[{"start":{"line":308,"column":4},"end":{"line":312,"column":null}},{"start":{},"end":{}}],"line":308},"5":{"loc":{"start":{"line":315,"column":4},"end":{"line":327,"column":null}},"type":"if","locations":[{"start":{"line":315,"column":4},"end":{"line":327,"column":null}},{"start":{},"end":{}}],"line":315},"6":{"loc":{"start":{"line":315,"column":8},"end":{"line":315,"column":51}},"type":"binary-expr","locations":[{"start":{"line":315,"column":8},"end":{"line":315,"column":30}},{"start":{"line":315,"column":30},"end":{"line":315,"column":51}}],"line":315},"7":{"loc":{"start":{"line":322,"column":6},"end":{"line":326,"column":null}},"type":"if","locations":[{"start":{"line":322,"column":6},"end":{"line":326,"column":null}},{"start":{},"end":{}}],"line":322},"8":{"loc":{"start":{"line":336,"column":4},"end":{"line":338,"column":null}},"type":"if","locations":[{"start":{"line":336,"column":4},"end":{"line":338,"column":null}},{"start":{},"end":{}}],"line":336},"9":{"loc":{"start":{"line":340,"column":4},"end":{"line":342,"column":null}},"type":"if","locations":[{"start":{"line":340,"column":4},"end":{"line":342,"column":null}},{"start":{},"end":{}}],"line":340},"10":{"loc":{"start":{"line":347,"column":4},"end":{"line":351,"column":null}},"type":"if","locations":[{"start":{"line":347,"column":4},"end":{"line":351,"column":null}},{"start":{"line":349,"column":4},"end":{"line":351,"column":null}}],"line":347},"11":{"loc":{"start":{"line":347,"column":8},"end":{"line":347,"column":51}},"type":"binary-expr","locations":[{"start":{"line":347,"column":8},"end":{"line":347,"column":30}},{"start":{"line":347,"column":30},"end":{"line":347,"column":51}}],"line":347},"12":{"loc":{"start":{"line":349,"column":4},"end":{"line":351,"column":null}},"type":"if","locations":[{"start":{"line":349,"column":4},"end":{"line":351,"column":null}},{"start":{},"end":{}}],"line":349},"13":{"loc":{"start":{"line":355,"column":4},"end":{"line":359,"column":null}},"type":"if","locations":[{"start":{"line":355,"column":4},"end":{"line":359,"column":null}},{"start":{},"end":{}}],"line":355},"14":{"loc":{"start":{"line":364,"column":4},"end":{"line":366,"column":null}},"type":"if","locations":[{"start":{"line":364,"column":4},"end":{"line":366,"column":null}},{"start":{},"end":{}}],"line":364},"15":{"loc":{"start":{"line":82,"column":17},"end":{"line":82,"column":null}},"type":"binary-expr","locations":[{"start":{"line":82,"column":17},"end":{"line":82,"column":34}},{"start":{"line":82,"column":34},"end":{"line":82,"column":null}}],"line":82},"16":{"loc":{"start":{"line":83,"column":18},"end":{"line":83,"column":null}},"type":"binary-expr","locations":[{"start":{"line":83,"column":18},"end":{"line":83,"column":36}},{"start":{"line":83,"column":36},"end":{"line":83,"column":null}}],"line":83},"17":{"loc":{"start":{"line":84,"column":22},"end":{"line":84,"column":null}},"type":"binary-expr","locations":[{"start":{"line":84,"column":22},"end":{"line":84,"column":44}},{"start":{"line":84,"column":44},"end":{"line":84,"column":71}},{"start":{"line":84,"column":71},"end":{"line":84,"column":null}}],"line":84},"18":{"loc":{"start":{"line":85,"column":27},"end":{"line":85,"column":null}},"type":"binary-expr","locations":[{"start":{"line":85,"column":27},"end":{"line":85,"column":54}},{"start":{"line":85,"column":54},"end":{"line":85,"column":null}}],"line":85},"19":{"loc":{"start":{"line":86,"column":21},"end":{"line":86,"column":null}},"type":"binary-expr","locations":[{"start":{"line":86,"column":21},"end":{"line":86,"column":42}},{"start":{"line":86,"column":42},"end":{"line":86,"column":null}}],"line":86},"20":{"loc":{"start":{"line":87,"column":24},"end":{"line":87,"column":null}},"type":"binary-expr","locations":[{"start":{"line":87,"column":24},"end":{"line":87,"column":48}},{"start":{"line":87,"column":48},"end":{"line":87,"column":null}}],"line":87},"21":{"loc":{"start":{"line":88,"column":19},"end":{"line":88,"column":null}},"type":"binary-expr","locations":[{"start":{"line":88,"column":19},"end":{"line":88,"column":38}},{"start":{"line":88,"column":38},"end":{"line":88,"column":null}}],"line":88},"22":{"loc":{"start":{"line":89,"column":22},"end":{"line":89,"column":null}},"type":"binary-expr","locations":[{"start":{"line":89,"column":22},"end":{"line":89,"column":44}},{"start":{"line":89,"column":44},"end":{"line":89,"column":null}}],"line":89},"23":{"loc":{"start":{"line":91,"column":4},"end":{"line":93,"column":null}},"type":"if","locations":[{"start":{"line":91,"column":4},"end":{"line":93,"column":null}},{"start":{},"end":{}}],"line":91},"24":{"loc":{"start":{"line":96,"column":4},"end":{"line":104,"column":null}},"type":"if","locations":[{"start":{"line":96,"column":4},"end":{"line":104,"column":null}},{"start":{"line":98,"column":11},"end":{"line":104,"column":null}}],"line":96},"25":{"loc":{"start":{"line":100,"column":21},"end":{"line":102,"column":null}},"type":"cond-expr","locations":[{"start":{"line":101,"column":10},"end":{"line":101,"column":null}},{"start":{"line":102,"column":10},"end":{"line":102,"column":null}}],"line":100},"26":{"loc":{"start":{"line":102,"column":10},"end":{"line":102,"column":null}},"type":"binary-expr","locations":[{"start":{"line":102,"column":10},"end":{"line":102,"column":28}},{"start":{"line":102,"column":28},"end":{"line":102,"column":null}}],"line":102},"27":{"loc":{"start":{"line":114,"column":13},"end":{"line":114,"column":null}},"type":"binary-expr","locations":[{"start":{"line":114,"column":13},"end":{"line":114,"column":30}},{"start":{"line":114,"column":30},"end":{"line":114,"column":null}}],"line":114},"28":{"loc":{"start":{"line":115,"column":22},"end":{"line":115,"column":null}},"type":"binary-expr","locations":[{"start":{"line":115,"column":22},"end":{"line":115,"column":48}},{"start":{"line":115,"column":48},"end":{"line":115,"column":null}}],"line":115},"29":{"loc":{"start":{"line":118,"column":4},"end":{"line":120,"column":null}},"type":"if","locations":[{"start":{"line":118,"column":4},"end":{"line":120,"column":null}},{"start":{},"end":{}}],"line":118},"30":{"loc":{"start":{"line":125,"column":4},"end":{"line":128,"column":null}},"type":"if","locations":[{"start":{"line":125,"column":4},"end":{"line":128,"column":null}},{"start":{},"end":{}}],"line":125},"31":{"loc":{"start":{"line":127,"column":39},"end":{"line":127,"column":null}},"type":"binary-expr","locations":[{"start":{"line":127,"column":39},"end":{"line":127,"column":72}},{"start":{"line":127,"column":72},"end":{"line":127,"column":null}}],"line":127},"32":{"loc":{"start":{"line":133,"column":22},"end":{"line":133,"column":null}},"type":"cond-expr","locations":[{"start":{"line":133,"column":49},"end":{"line":133,"column":68}},{"start":{"line":133,"column":68},"end":{"line":133,"column":null}}],"line":133},"33":{"loc":{"start":{"line":136,"column":4},"end":{"line":143,"column":null}},"type":"if","locations":[{"start":{"line":136,"column":4},"end":{"line":143,"column":null}},{"start":{},"end":{}}],"line":136},"34":{"loc":{"start":{"line":139,"column":8},"end":{"line":141,"column":null}},"type":"if","locations":[{"start":{"line":139,"column":8},"end":{"line":141,"column":null}},{"start":{},"end":{}}],"line":139},"35":{"loc":{"start":{"line":139,"column":12},"end":{"line":139,"column":56}},"type":"binary-expr","locations":[{"start":{"line":139,"column":12},"end":{"line":139,"column":29}},{"start":{"line":139,"column":29},"end":{"line":139,"column":56}}],"line":139},"36":{"loc":{"start":{"line":149,"column":4},"end":{"line":151,"column":null}},"type":"if","locations":[{"start":{"line":149,"column":4},"end":{"line":151,"column":null}},{"start":{},"end":{}}],"line":149},"37":{"loc":{"start":{"line":179,"column":4},"end":{"line":179,"column":null}},"type":"default-arg","locations":[{"start":{"line":179,"column":66},"end":{"line":179,"column":null}}],"line":179},"38":{"loc":{"start":{"line":181,"column":4},"end":{"line":186,"column":null}},"type":"if","locations":[{"start":{"line":181,"column":4},"end":{"line":186,"column":null}},{"start":{},"end":{}}],"line":181},"39":{"loc":{"start":{"line":197,"column":4},"end":{"line":197,"column":null}},"type":"default-arg","locations":[{"start":{"line":197,"column":60},"end":{"line":197,"column":null}}],"line":197},"40":{"loc":{"start":{"line":199,"column":4},"end":{"line":201,"column":null}},"type":"if","locations":[{"start":{"line":199,"column":4},"end":{"line":201,"column":null}},{"start":{},"end":{}}],"line":199},"41":{"loc":{"start":{"line":204,"column":4},"end":{"line":206,"column":null}},"type":"if","locations":[{"start":{"line":204,"column":4},"end":{"line":206,"column":null}},{"start":{},"end":{}}],"line":204},"42":{"loc":{"start":{"line":208,"column":33},"end":{"line":208,"column":56}},"type":"binary-expr","locations":[{"start":{"line":208,"column":33},"end":{"line":208,"column":53}},{"start":{"line":208,"column":53},"end":{"line":208,"column":56}}],"line":208},"43":{"loc":{"start":{"line":209,"column":17},"end":{"line":209,"column":null}},"type":"binary-expr","locations":[{"start":{"line":209,"column":17},"end":{"line":209,"column":33}},{"start":{"line":209,"column":33},"end":{"line":209,"column":null}}],"line":209},"44":{"loc":{"start":{"line":230,"column":4},"end":{"line":232,"column":null}},"type":"if","locations":[{"start":{"line":230,"column":4},"end":{"line":232,"column":null}},{"start":{},"end":{}}],"line":230},"45":{"loc":{"start":{"line":234,"column":4},"end":{"line":236,"column":null}},"type":"if","locations":[{"start":{"line":234,"column":4},"end":{"line":236,"column":null}},{"start":{},"end":{}}],"line":234},"46":{"loc":{"start":{"line":256,"column":4},"end":{"line":256,"column":null}},"type":"if","locations":[{"start":{"line":256,"column":4},"end":{"line":256,"column":null}},{"start":{},"end":{}}],"line":256},"47":{"loc":{"start":{"line":264,"column":4},"end":{"line":266,"column":null}},"type":"if","locations":[{"start":{"line":264,"column":4},"end":{"line":266,"column":null}},{"start":{},"end":{}}],"line":264},"48":{"loc":{"start":{"line":273,"column":4},"end":{"line":273,"column":null}},"type":"if","locations":[{"start":{"line":273,"column":4},"end":{"line":273,"column":null}},{"start":{},"end":{}}],"line":273},"49":{"loc":{"start":{"line":277,"column":4},"end":{"line":280,"column":null}},"type":"if","locations":[{"start":{"line":277,"column":4},"end":{"line":280,"column":null}},{"start":{},"end":{}}],"line":277},"50":{"loc":{"start":{"line":388,"column":4},"end":{"line":393,"column":null}},"type":"if","locations":[{"start":{"line":388,"column":4},"end":{"line":393,"column":null}},{"start":{},"end":{}}],"line":388},"51":{"loc":{"start":{"line":389,"column":6},"end":{"line":391,"column":null}},"type":"if","locations":[{"start":{"line":389,"column":6},"end":{"line":391,"column":null}},{"start":{},"end":{}}],"line":389},"52":{"loc":{"start":{"line":399,"column":6},"end":{"line":399,"column":null}},"type":"if","locations":[{"start":{"line":399,"column":6},"end":{"line":399,"column":null}},{"start":{},"end":{}}],"line":399},"53":{"loc":{"start":{"line":401,"column":6},"end":{"line":418,"column":null}},"type":"switch","locations":[{"start":{"line":402,"column":8},"end":{"line":404,"column":null}},{"start":{"line":405,"column":8},"end":{"line":407,"column":null}},{"start":{"line":408,"column":8},"end":{"line":410,"column":null}},{"start":{"line":411,"column":8},"end":{"line":413,"column":null}},{"start":{"line":414,"column":8},"end":{"line":414,"column":null}},{"start":{"line":415,"column":8},"end":{"line":417,"column":null}}],"line":401},"54":{"loc":{"start":{"line":424,"column":6},"end":{"line":424,"column":null}},"type":"if","locations":[{"start":{"line":424,"column":6},"end":{"line":424,"column":null}},{"start":{},"end":{}}],"line":424},"55":{"loc":{"start":{"line":426,"column":6},"end":{"line":445,"column":null}},"type":"switch","locations":[{"start":{"line":427,"column":8},"end":{"line":429,"column":null}},{"start":{"line":430,"column":8},"end":{"line":432,"column":null}},{"start":{"line":433,"column":8},"end":{"line":435,"column":null}},{"start":{"line":436,"column":8},"end":{"line":438,"column":null}},{"start":{"line":439,"column":8},"end":{"line":439,"column":null}},{"start":{"line":440,"column":8},"end":{"line":444,"column":null}}],"line":426},"56":{"loc":{"start":{"line":441,"column":10},"end":{"line":443,"column":null}},"type":"if","locations":[{"start":{"line":441,"column":10},"end":{"line":443,"column":null}},{"start":{},"end":{}}],"line":441},"57":{"loc":{"start":{"line":450,"column":4},"end":{"line":456,"column":null}},"type":"if","locations":[{"start":{"line":450,"column":4},"end":{"line":456,"column":null}},{"start":{"line":453,"column":11},"end":{"line":456,"column":null}}],"line":450},"58":{"loc":{"start":{"line":488,"column":4},"end":{"line":491,"column":null}},"type":"if","locations":[{"start":{"line":488,"column":4},"end":{"line":491,"column":null}},{"start":{},"end":{}}],"line":488},"59":{"loc":{"start":{"line":509,"column":4},"end":{"line":509,"column":null}},"type":"if","locations":[{"start":{"line":509,"column":4},"end":{"line":509,"column":null}},{"start":{},"end":{}}],"line":509},"60":{"loc":{"start":{"line":520,"column":4},"end":{"line":528,"column":null}},"type":"if","locations":[{"start":{"line":520,"column":4},"end":{"line":528,"column":null}},{"start":{"line":524,"column":11},"end":{"line":528,"column":null}}],"line":520},"61":{"loc":{"start":{"line":550,"column":4},"end":{"line":552,"column":null}},"type":"if","locations":[{"start":{"line":550,"column":4},"end":{"line":552,"column":null}},{"start":{},"end":{}}],"line":550},"62":{"loc":{"start":{"line":564,"column":4},"end":{"line":567,"column":null}},"type":"if","locations":[{"start":{"line":564,"column":4},"end":{"line":567,"column":null}},{"start":{},"end":{}}],"line":564},"63":{"loc":{"start":{"line":569,"column":4},"end":{"line":571,"column":null}},"type":"if","locations":[{"start":{"line":569,"column":4},"end":{"line":571,"column":null}},{"start":{},"end":{}}],"line":569}},"s":{"0":0,"1":0,"2":0,"3":0,"4":0,"5":0,"6":0,"7":0,"8":0,"9":0,"10":0,"11":0,"12":0,"13":0,"14":0,"15":0,"16":0,"17":0,"18":0,"19":0,"20":0,"21":0,"22":0,"23":0,"24":0,"25":0,"26":0,"27":0,"28":0,"29":0,"30":0,"31":0,"32":0,"33":0,"34":0,"35":0,"36":0,"37":0,"38":0,"39":0,"40":0,"41":0,"42":0,"43":0,"44":0,"45":0,"46":0,"47":0,"48":0,"49":0,"50":0,"51":0,"52":0,"53":0,"54":0,"55":0,"56":0,"57":0,"58":0,"59":0,"60":0,"61":0,"62":0,"63":0,"64":0,"65":0,"66":0,"67":0,"68":0,"69":0,"70":0,"71":0,"72":0,"73":0,"74":0,"75":0,"76":0,"77":0,"78":0,"79":0,"80":0,"81":0,"82":0,"83":0,"84":0,"85":0,"86":0,"87":0,"88":0,"89":0,"90":0,"91":0,"92":0,"93":0,"94":0,"95":0,"96":0,"97":0,"98":0,"99":0,"100":0,"101":0,"102":0,"103":0,"104":0,"105":0,"106":0,"107":0,"108":0,"109":0,"110":0,"111":0,"112":0,"113":0,"114":0,"115":0,"116":0,"117":0,"118":0,"119":0,"120":0,"121":0,"122":0,"123":0,"124":0,"125":0,"126":0,"127":0,"128":0,"129":0,"130":0,"131":0,"132":0,"133":0,"134":0,"135":0,"136":0,"137":0,"138":0,"139":0,"140":0,"141":0,"142":0,"143":0,"144":0,"145":0,"146":0,"147":0,"148":0,"149":0,"150":0,"151":0,"152":0,"153":0,"154":0,"155":0,"156":0,"157":0,"158":0,"159":0,"160":0,"161":0,"162":0,"163":0,"164":0,"165":0,"166":0,"167":0,"168":0,"169":0,"170":0,"171":0,"172":0,"173":0,"174":0,"175":0,"176":0,"177":0,"178":0,"179":0,"180":0,"181":0,"182":0,"183":0,"184":0,"185":0,"186":0,"187":0,"188":0,"189":0,"190":0,"191":0,"192":0,"193":0,"194":0,"195":0,"196":0,"197":0,"198":0,"199":0,"200":0,"201":0,"202":0,"203":0,"204":0,"205":0,"206":0,"207":0,"208":0,"209":0,"210":0,"211":0,"212":0,"213":0,"214":0,"215":0,"216":0,"217":0,"218":0,"219":0,"220":0,"221":0,"222":0,"223":0,"224":0,"225":0,"226":0,"227":0,"228":0,"229":0,"230":0,"231":0,"232":0,"233":0,"234":0,"235":0,"236":0,"237":0,"238":0,"239":0,"240":0,"241":0,"242":0,"243":0,"244":0,"245":0,"246":0,"247":0,"248":0,"249":0,"250":0,"251":0,"252":0,"253":0,"254":0,"255":0,"256":0,"257":0,"258":0,"259":0},"f":{"0":0,"1":0,"2":0,"3":0,"4":0,"5":0,"6":0,"7":0,"8":0,"9":0,"10":0,"11":0,"12":0,"13":0,"14":0,"15":0,"16":0,"17":0,"18":0,"19":0,"20":0,"21":0,"22":0,"23":0,"24":0,"25":0,"26":0},"b":{"0":[0],"1":[0,0],"2":[0,0],"3":[0,0],"4":[0,0],"5":[0,0],"6":[0,0],"7":[0,0],"8":[0,0],"9":[0,0],"10":[0,0],"11":[0,0],"12":[0,0],"13":[0,0],"14":[0,0],"15":[0,0],"16":[0,0],"17":[0,0,0],"18":[0,0],"19":[0,0],"20":[0,0],"21":[0,0],"22":[0,0],"23":[0,0],"24":[0,0],"25":[0,0],"26":[0,0],"27":[0,0],"28":[0,0],"29":[0,0],"30":[0,0],"31":[0,0],"32":[0,0],"33":[0,0],"34":[0,0],"35":[0,0],"36":[0,0],"37":[0],"38":[0,0],"39":[0],"40":[0,0],"41":[0,0],"42":[0,0],"43":[0,0],"44":[0,0],"45":[0,0],"46":[0,0],"47":[0,0],"48":[0,0],"49":[0,0],"50":[0,0],"51":[0,0],"52":[0,0],"53":[0,0,0,0,0,0],"54":[0,0],"55":[0,0,0,0,0,0],"56":[0,0],"57":[0,0],"58":[0,0],"59":[0,0],"60":[0,0],"61":[0,0],"62":[0,0],"63":[0,0]},"meta":{"lastBranch":64,"lastFunction":27,"lastStatement":260,"seen":{"f:78:2:78:14":0,"b:78:37:78:41":0,"s:79:4:79:Infinity":0,"s:24:2:24:Infinity":1,"s:25:2:25:Infinity":2,"s:26:2:26:Infinity":3,"s:27:2:27:Infinity":4,"s:29:2:29:Infinity":5,"s:30:2:30:Infinity":6,"s:31:2:39:Infinity":7,"s:41:2:41:Infinity":8,"s:44:2:44:Infinity":9,"s:45:2:45:Infinity":10,"s:49:2:49:Infinity":11,"s:50:2:50:Infinity":12,"s:51:2:51:Infinity":13,"s:52:2:52:Infinity":14,"s:55:2:55:Infinity":15,"s:56:2:56:Infinity":16,"s:58:2:61:Infinity":17,"f:58:39:58:40":1,"s:59:16:59:Infinity":18,"s:60:4:60:Infinity":19,"s:63:2:66:Infinity":20,"f:63:39:63:40":2,"s:64:16:64:Infinity":21,"s:65:4:65:Infinity":22,"s:68:2:71:Infinity":23,"f:68:37:68:38":3,"s:69:16:69:Infinity":24,"s:70:4:70:Infinity":25,"s:73:2:76:Infinity":26,"f:73:33:73:34":4,"s:74:16:74:Infinity":27,"s:75:4:75:Infinity":28,"s:288:2:371:Infinity":29,"f:288:17:288:18":5,"b:289:4:289:Infinity:undefined:undefined:undefined:undefined":1,"s:289:4:289:Infinity":30,"s:289:23:289:Infinity":31,"b:292:4:298:Infinity:undefined:undefined:undefined:undefined":2,"s:292:4:298:Infinity":32,"s:293:22:293:Infinity":33,"b:294:6:297:Infinity:undefined:undefined:undefined:undefined":3,"s:294:6:297:Infinity":34,"s:295:8:295:Infinity":35,"s:296:8:296:Infinity":36,"s:300:8:300:Infinity":37,"s:301:4:301:Infinity":38,"s:304:4:304:Infinity":39,"s:307:4:307:Infinity":40,"b:308:4:312:Infinity:undefined:undefined:undefined:undefined":4,"s:308:4:312:Infinity":41,"s:309:6:309:Infinity":42,"s:310:6:310:Infinity":43,"s:311:6:311:Infinity":44,"b:315:4:327:Infinity:undefined:undefined:undefined:undefined":5,"s:315:4:327:Infinity":45,"b:315:8:315:30:315:30:315:51":6,"s:316:6:316:Infinity":46,"s:317:6:320:Infinity":47,"b:322:6:326:Infinity:undefined:undefined:undefined:undefined":7,"s:322:6:326:Infinity":48,"s:323:28:323:Infinity":49,"s:324:8:324:Infinity":50,"s:325:8:325:Infinity":51,"s:330:4:330:Infinity":52,"s:331:4:331:Infinity":53,"s:334:4:334:Infinity":54,"s:335:4:335:Infinity":55,"b:336:4:338:Infinity:undefined:undefined:undefined:undefined":8,"s:336:4:338:Infinity":56,"s:337:6:337:Infinity":57,"b:340:4:342:Infinity:undefined:undefined:undefined:undefined":9,"s:340:4:342:Infinity":58,"s:341:6:341:Infinity":59,"s:344:4:344:Infinity":60,"s:345:4:345:Infinity":61,"b:347:4:351:Infinity:349:4:351:Infinity":10,"s:347:4:351:Infinity":62,"b:347:8:347:30:347:30:347:51"
[...]
,"/Users/joe/Projects/Experiments/axia/src/utils/layout.ts": {"path":"/Users/joe/Projects/Experiments/axia/src/utils/layout.ts","statementMap":{"0":{"start":{"line":24,"column":88},"end":{"line":24,"column":null}},"1":{"start":{"line":26,"column":14},"end":{"line":26,"column":null}},"2":{"start":{"line":27,"column":2},"end":{"line":34,"column":null}},"3":{"start":{"line":27,"column":17},"end":{"line":27,"column":20}},"4":{"start":{"line":28,"column":4},"end":{"line":33,"column":null}},"5":{"start":{"line":28,"column":19},"end":{"line":28,"column":22}},"6":{"start":{"line":29,"column":21},"end":{"line":29,"column":null}},"7":{"start":{"line":30,"column":6},"end":{"line":30,"column":null}},"8":{"start":{"line":31,"column":6},"end":{"line":31,"column":null}},"9":{"start":{"line":32,"column":6},"end":{"line":32,"column":null}},"10":{"start":{"line":47,"column":21},"end":{"line":47,"column":null}},"11":{"start":{"line":49,"column":2},"end":{"line":53,"column":null}},"12":{"start":{"line":50,"column":18},"end":{"line":50,"column":null}},"13":{"start":{"line":51,"column":4},"end":{"line":51,"column":null}},"14":{"start":{"line":52,"column":4},"end":{"line":52,"column":null}},"15":{"start":{"line":65,"column":2},"end":{"line":68,"column":null}},"16":{"start":{"line":66,"column":4},"end":{"line":66,"column":null}},"17":{"start":{"line":67,"column":4},"end":{"line":67,"column":null}},"18":{"start":{"line":80,"column":2},"end":{"line":83,"column":null}},"19":{"start":{"line":81,"column":4},"end":{"line":81,"column":null}},"20":{"start":{"line":82,"column":4},"end":{"line":82,"column":null}},"21":{"start":{"line":90,"column":2},"end":{"line":90,"column":null}},"22":{"start":{"line":91,"column":2},"end":{"line":91,"column":null}}},"fnMap":{"0":{"name":"layoutGrid","decl":{"start":{"line":23,"column":16},"end":{"line":23,"column":27}},"loc":{"start":{"line":23,"column":75},"end":{"line":35,"column":null}},"line":23},"1":{"name":"layoutCircle","decl":{"start":{"line":40,"column":16},"end":{"line":40,"column":null}},"loc":{"start":{"line":46,"column":8},"end":{"line":54,"column":null}},"line":46},"2":{"name":"(anonymous_2)","decl":{"start":{"line":49,"column":19},"end":{"line":49,"column":20}},"loc":{"start":{"line":49,"column":38},"end":{"line":53,"column":3}},"line":49},"3":{"name":"layoutRow","decl":{"start":{"line":59,"column":16},"end":{"line":59,"column":null}},"loc":{"start":{"line":64,"column":8},"end":{"line":69,"column":null}},"line":64},"4":{"name":"(anonymous_4)","decl":{"start":{"line":65,"column":19},"end":{"line":65,"column":20}},"loc":{"start":{"line":65,"column":38},"end":{"line":68,"column":3}},"line":65},"5":{"name":"layoutColumn","decl":{"start":{"line":74,"column":16},"end":{"line":74,"column":null}},"loc":{"start":{"line":79,"column":8},"end":{"line":84,"column":null}},"line":79},"6":{"name":"(anonymous_6)","decl":{"start":{"line":80,"column":19},"end":{"line":80,"column":20}},"loc":{"start":{"line":80,"column":38},"end":{"line":83,"column":3}},"line":80},"7":{"name":"center","decl":{"start":{"line":89,"column":16},"end":{"line":89,"column":23}},"loc":{"start":{"line":89,"column":76},"end":{"line":92,"column":null}},"line":89}},"branchMap":{"0":{"loc":{"start":{"line":24,"column":48},"end":{"line":24,"column":61}},"type":"default-arg","locations":[{"start":{"line":24,"column":58},"end":{"line":24,"column":61}}],"line":24},"1":{"loc":{"start":{"line":24,"column":61},"end":{"line":24,"column":73}},"type":"default-arg","locations":[{"start":{"line":24,"column":70},"end":{"line":24,"column":73}}],"line":24},"2":{"loc":{"start":{"line":24,"column":73},"end":{"line":24,"column":84}},"type":"default-arg","locations":[{"start":{"line":24,"column":82},"end":{"line":24,"column":84}}],"line":24},"3":{"loc":{"start":{"line":27,"column":20},"end":{"line":27,"column":59}},"type":"binary-expr","locations":[{"start":{"line":27,"column":20},"end":{"line":27,"column":34}},{"start":{"line":27,"column":34},"end":{"line":27,"column":59}}],"line":27},"4":{"loc":{"start":{"line":28,"column":22},"end":{"line":28,"column":64}},"type":"binary-expr","locations":[{"start":{"line":28,"column":22},"end":{"line":28,"column":39}},{"start":{"line":28,"column":39},"end":{"line":28,"column":64}}],"line":28},"5":{"loc":{"start":{"line":45,"column":2},"end":{"line":45,"column":null}},"type":"default-arg","locations":[{"start":{"line":45,"column":23},"end":{"line":45,"column":null}}],"line":45}},"s":{"0":0,"1":0,"2":0,"3":0,"4":0,"5":0,"6":0,"7":0,"8":0,"9":0,"10":0,"11":0,"12":0,"13":0,"14":0,"15":0,"16":0,"17":0,"18":0,"19":0,"20":0,"21":0,"22":0},"f":{"0":0,"1":0,"2":0,"3":0,"4":0,"5":0,"6":0,"7":0},"b":{"0":[0],"1":[0],"2":[0],"3":[0,0],"4":[0,0],"5":[0]},"meta":{"lastBranch":6,"lastFunction":8,"lastStatement":23,"seen":{"f:23:16:23:27":0,"s:24:88:24:Infinity":0,"b:24:58:24:61":0,"b:24:70:24:73":1,"b:24:82:24:84":2,"s:26:14:26:Infinity":1,"s:27:2:34:Infinity":2,"s:27:17:27:20":3,"b:27:20:27:34:27:34:27:59":3,"s:28:4:33:Infinity":4,"s:28:19:28:22":5,"b:28:22:28:39:28:39:28:64":4,"s:29:21:29:Infinity":6,"s:30:6:30:Infinity":7,"s:31:6:31:Infinity":8,"s:32:6:32:Infinity":9,"f:40:16:40:Infinity":1,"b:45:23:45:Infinity":5,"s:47:21:47:Infinity":10,"s:49:2:53:Infinity":11,"f:49:19:49:20":2,"s:50:18:50:Infinity":12,"s:51:4:51:Infinity":13,"s:52:4:52:Infinity":14,"f:59:16:59:Infinity":3,"s:65:2:68:Infinity":15,"f:65:19:65:20":4,"s:66:4:66:Infinity":16,"s:67:4:67:Infinity":17,"f:74:16:74:Infinity":5,"s:80:2:83:Infinity":18,"f:80:19:80:20":6,"s:81:4:81:Infinity":19,"s:82:4:82:Infinity":20,"f:89:16:89:23":7,"s:90:2:90:Infinity":21,"s:91:2:91:Infinity":22}}}
,"/Users/joe/Projects/Experiments/axia/src/utils/math.ts": {"path":"/Users/joe/Projects/Experiments/axia/src/utils/math.ts","statementMap":{"0":{"start":{"line":9,"column":2},"end":{"line":9,"column":null}},"1":{"start":{"line":16,"column":2},"end":{"line":16,"column":null}},"2":{"start":{"line":29,"column":2},"end":{"line":29,"column":null}},"3":{"start":{"line":36,"column":2},"end":{"line":36,"column":null}},"4":{"start":{"line":43,"column":2},"end":{"line":43,"column":null}},"5":{"start":{"line":50,"column":2},"end":{"line":50,"column":null}}},"fnMap":{"0":{"name":"clamp","decl":{"start":{"line":8,"column":16},"end":{"line":8,"column":22}},"loc":{"start":{"line":8,"column":71},"end":{"line":10,"column":null}},"line":8},"1":{"name":"lerp","decl":{"start":{"line":15,"column":16},"end":{"line":15,"column":21}},"loc":{"start":{"line":15,"column":68},"end":{"line":17,"column":null}},"line":15},"2":{"name":"map","decl":{"start":{"line":22,"column":16},"end":{"line":22,"column":null}},"loc":{"start":{"line":28,"column":10},"end":{"line":30,"column":null}},"line":28},"3":{"name":"randomInt","decl":{"start":{"line":35,"column":16},"end":{"line":35,"column":26}},"loc":{"start":{"line":35,"column":60},"end":{"line":37,"column":null}},"line":35},"4":{"name":"randomFloat","decl":{"start":{"line":42,"column":16},"end":{"line":42,"column":28}},"loc":{"start":{"line":42,"column":62},"end":{"line":44,"column":null}},"line":42},"5":{"name":"randomItem","decl":{"start":{"line":49,"column":16},"end":{"line":49,"column":30}},"loc":{"start":{"line":49,"column":45},"end":{"line":51,"column":null}},"line":49}},"branchMap":{},"s":{"0":19,"1":22,"2":18,"3":11303,"4":10403,"5":10108},"f":{"0":19,"1":22,"2":18,"3":11303,"4":10403,"5":10108},"b":{},"meta":{"lastBranch":0,"lastFunction":6,"lastStatement":6,"seen":{"f:8:16:8:22":0,"s:9:2:9:Infinity":0,"f:15:16:15:21":1,"s:16:2:16:Infinity":1,"f:22:16:22:Infinity":2,"s:29:2:29:Infinity":2,"f:35:16:35:26":3,"s:36:2:36:Infinity":3,"f:42:16:42:28":4,"s:43:2:43:Infinity":4,"f:49:16:49:30":5,"s:50:2:50:Infinity":5}}}
,"/Users/joe/Projects/Experiments/axia/src/utils/storage.ts": {"path":"/Users/joe/Projects/Experiments/axia/src/utils/storage.ts","statementMap":{"0":{"start":{"line":5,"column":15},"end":{"line":5,"column":null}},"1":{"start":{"line":12,"column":4},"end":{"line":17,"column":null}},"2":{"start":{"line":13,"column":25},"end":{"line":13,"column":null}},"3":{"start":{"line":14,"column":6},"end":{"line":14,"column":null}},"4":{"start":{"line":16,"column":6},"end":{"line":16,"column":null}},"5":{"start":{"line":24,"column":4},"end":{"line":33,"column":null}},"6":{"start":{"line":25,"column":25},"end":{"line":25,"column":null}},"7":{"start":{"line":26,"column":6},"end":{"line":28,"column":null}},"8":{"start":{"line":27,"column":8},"end":{"line":27,"column":null}},"9":{"start":{"line":29,"column":6},"end":{"line":29,"column":null}},"10":{"start":{"line":31,"column":6},"end":{"line":31,"column":null}},"11":{"start":{"line":32,"column":6},"end":{"line":32,"column":null}},"12":{"start":{"line":40,"column":4},"end":{"line":44,"column":null}},"13":{"start":{"line":41,"column":6},"end":{"line":41,"column":null}},"14":{"start":{"line":43,"column":6},"end":{"line":43,"column":null}},"15":{"start":{"line":51,"column":4},"end":{"line":60,"column":null}},"16":{"start":{"line":52,"column":19},"end":{"line":52,"column":null}},"17":{"start":{"line":53,"column":6},"end":{"line":57,"column":null}},"18":{"start":{"line":54,"column":8},"end":{"line":56,"column":null}},"19":{"start":{"line":55,"column":10},"end":{"line":55,"column":null}},"20":{"start":{"line":59,"column":6},"end":{"line":59,"column":null}},"21":{"start":{"line":67,"column":4},"end":{"line":67,"column":null}},"22":{"start":{"line":74,"column":17},"end":{"line":74,"column":null}},"23":{"start":{"line":75,"column":4},"end":{"line":77,"column":null}},"24":{"start":{"line":76,"column":21},"end":{"line":76,"column":43}},"25":{"start":{"line":77,"column":18},"end":{"line":77,"column":46}}},"fnMap":{"0":{"name":"(anonymous_0)","decl":{"start":{"line":11,"column":9},"end":{"line":11,"column":16}},"loc":{"start":{"line":11,"column":44},"end":{"line":18,"column":null}},"line":11},"1":{"name":"(anonymous_1)","decl":{"start":{"line":23,"column":9},"end":{"line":23,"column":16}},"loc":{"start":{"line":23,"column":57},"end":{"line":34,"column":null}},"line":23},"2":{"name":"(anonymous_2)","decl":{"start":{"line":39,"column":9},"end":{"line":39,"column":16}},"loc":{"start":{"line":39,"column":35},"end":{"line":45,"column":null}},"line":39},"3":{"name":"(anonymous_3)","decl":{"start":{"line":50,"column":9},"end":{"line":50,"column":23}},"loc":{"start":{"line":50,"column":23},"end":{"line":61,"column":null}},"line":50},"4":{"name":"(anonymous_4)","decl":{"start":{"line":53,"column":19},"end":{"line":53,"column":26}},"loc":{"start":{"line":53,"column":26},"end":{"line":57,"column":7}},"line":53},"5":{"name":"(anonymous_5)","decl":{"start":{"line":66,"column":9},"end":{"line":66,"column":13}},"loc":{"start":{"line":66,"column":35},"end":{"line":68,"column":null}},"line":66},"6":{"name":"(anonymous_6)","decl":{"start":{"line":73,"column":9},"end":{"line":73,"column":26}},"loc":{"start":{"line":73,"column":26},"end":{"line":78,"column":null}},"line":73},"7":{"name":"(anonymous_7)","decl":{"start":{"line":76,"column":14},"end":{"line":76,"column":21}},"loc":{"start":{"line":76,"column":21},"end":{"line":76,"column":43}},"line":76},"8":{"name":"(anonymous_8)","decl":{"start":{"line":77,"column":11},"end":{"line":77,"column":18}},"loc":{"start":{"line":77,"column":18},"end":{"line":77,"column":46}},"line":77}},"branchMap":{"0":{"loc":{"start":{"line":26,"column":6},"end":{"line":28,"column":null}},"type":"if","locations":[{"start":{"line":26,"column":6},"end":{"line":28,"column":null}},{"start":{},"end":{}}],"line":26},"1":{"loc":{"start":{"line":27,"column":15},"end":{"line":27,"column":null}},"type":"binary-expr","locations":[{"start":{"line":27,"column":15},"end":{"line":27,"column":31}},{"start":{"line":27,"column":31},"end":{"line":27,"column":null}}],"line":27},"2":{"loc":{"start":{"line":32,"column":13},"end":{"line":32,"column":null}},"type":"binary-expr","locations":[{"start":{"line":32,"column":13},"end":{"line":32,"column":29}},{"start":{"line":32,"column":29},"end":{"line":32,"column":null}}],"line":32},"3":{"loc":{"start":{"line":54,"column":8},"end":{"line":56,"column":null}},"type":"if","locations":[{"start":{"line":54,"column":8},"end":{"line":56,"column":null}},{"start":{},"end":{}}],"line":54}},"s":{"0":0,"1":0,"2":0,"3":0,"4":0,"5":0,"6":0,"7":0,"8":0,"9":0,"10":0,"11":0,"12":0,"13":0,"14":0,"15":0,"16":0,"17":0,"18":0,"19":0,"20":0,"21":0,"22":0,"23":0,"24":0,"25":0},"f":{"0":0,"1":0,"2":0,"3":0,"4":0,"5":0,"6":0,"7":0,"8":0},"b":{"0":[0,0],"1":[0,0],"2":[0,0],"3":[0,0]},"meta":{"lastBranch":4,"lastFunction":9,"lastStatement":26,"seen":{"s:5:15:5:Infinity":0,"f:11:9:11:16":0,"s:12:4:17:Infinity":1,"s:13:25:13:Infinity":2,"s:14:6:14:Infinity":3,"s:16:6:16:Infinity":4,"f:23:9:23:16":1,"s:24:4:33:Infinity":5,"s:25:25:25:Infinity":6,"b:26:6:28:Infinity:undefined:undefined:undefined:undefined":0,"s:26:6:28:Infinity":7,"s:27:8:27:Infinity":8,"b:27:15:27:31:27:31:27:Infinity":1,"s:29:6:29:Infinity":9,"s:31:6:31:Infinity":10,"s:32:6:32:Infinity":11,"b:32:13:32:29:32:29:32:Infinity":2,"f:39:9:39:16":2,"s:40:4:44:Infinity":12,"s:41:6:41:Infinity":13,"s:43:6:43:Infinity":14,"f:50:9:50:23":3,"s:51:4:60:Infinity":15,"s:52:19:52:Infinity":16,"s:53:6:57:Infinity":17,"f:53:19:53:26":4,"b:54:8:56:Infinity:undefined:undefined:undefined:undefined":3,"s:54:8:56:Infinity":18,"s:55:10:55:Infinity":19,"s:59:6:59:Infinity":20,"f:66:9:66:13":5,"s:67:4:67:Infinity":21,"f:73:9:73:26":6,"s:74:17:74:Infinity":22,"s:75:4:77:Infinity":23,"f:76:14:76:21":7,"s:76:21:76:43":24,"f:77:11:77:18":8,"s:77:18:77:46":25}}}
,"/Users/joe/Projects/Experiments/axia/src/utils/timer.ts": {"path":"/Users/joe/Projects/Experiments/axia/src/utils/timer.ts","statementMap":{"0":{"start":{"line":13,"column":2},"end":{"line":13,"column":null}},"1":{"start":{"line":14,"column":2},"end":{"line":14,"column":null}},"2":{"start":{"line":20,"column":15},"end":{"line":20,"column":null}},"3":{"start":{"line":21,"column":22},"end":{"line":24,"column":null}},"4":{"start":{"line":22,"column":6},"end":{"line":22,"column":null}},"5":{"start":{"line":23,"column":6},"end":{"line":23,"column":null}},"6":{"start":{"line":26,"column":4},"end":{"line":26,"column":null}},"7":{"start":{"line":28,"column":4},"end":{"line":37,"column":null}},"8":{"start":{"line":31,"column":20},"end":{"line":31,"column":null}},"9":{"start":{"line":32,"column":8},"end":{"line":35,"column":null}},"10":{"start":{"line":33,"column":10},"end":{"line":33,"column":null}},"11":{"start":{"line":34,"column":10},"end":{"line":34,"column":null}},"12":{"start":{"line":44,"column":15},"end":{"line":44,"column":null}},"13":{"start":{"line":45,"column":23},"end":{"line":45,"column":null}},"14":{"start":{"line":47,"column":4},"end":{"line":47,"column":null}},"15":{"start":{"line":49,"column":4},"end":{"line":58,"column":null}},"16":{"start":{"line":52,"column":20},"end":{"line":52,"column":null}},"17":{"start":{"line":53,"column":8},"end":{"line":56,"column":null}},"18":{"start":{"line":54,"column":10},"end":{"line":54,"column":null}},"19":{"start":{"line":55,"column":10},"end":{"line":55,"column":null}},"20":{"start":{"line":65,"column":4},"end":{"line":68,"column":null}},"21":{"start":{"line":66,"column":6},"end":{"line":66,"column":null}},"22":{"start":{"line":67,"column":6},"end":{"line":67,"column":null}},"23":{"start":{"line":69,"column":4},"end":{"line":69,"column":null}},"24":{"start":{"line":73,"column":28},"end":{"line":73,"column":null}},"25":{"start":{"line":79,"column":2},"end":{"line":79,"column":null}},"26":{"start":{"line":86,"column":2},"end":{"line":86,"column":null}},"27":{"start":{"line":93,"column":2},"end":{"line":93,"column":null}},"28":{"start":{"line":93,"column":32},"end":{"line":93,"column":55}}},"fnMap":{"0":{"name":"(anonymous_0)","decl":{"start":{"line":12,"column":0},"end":{"line":12,"column":6}},"loc":{"start":{"line":12,"column":0},"end":{"line":14,"column":null}},"line":12},"1":{"name":"(anonymous_1)","decl":{"start":{"line":19,"column":2},"end":{"line":19,"column":8}},"loc":{"start":{"line":19,"column":58},"end":{"line":38,"column":null}},"line":19},"2":{"name":"(anonymous_2)","decl":{"start":{"line":21,"column":40},"end":{"line":21,"column":46}},"loc":{"start":{"line":21,"column":46},"end":{"line":24,"column":7}},"line":21},"3":{"name":"(anonymous_3)","decl":{"start":{"line":30,"column":14},"end":{"line":30,"column":20}},"loc":{"start":{"line":30,"column":20},"end":{"line":36,"column":null}},"line":30},"4":{"name":"(anonymous_4)","decl":{"start":{"line":43,"column":2},"end":{"line":43,"column":11}},"loc":{"start":{"line":43,"column":61},"end":{"line":59,"column":null}},"line":43},"5":{"name":"(anonymous_5)","decl":{"start":{"line":51,"column":14},"end":{"line":51,"column":20}},"loc":{"start":{"line":51,"column":20},"end":{"line":57,"column":null}},"line":51},"6":{"name":"(anonymous_6)","decl":{"start":{"line":64,"column":2},"end":{"line":64,"column":19}},"loc":{"start":{"line":64,"column":19},"end":{"line":70,"column":null}},"line":64},"7":{"name":"(anonymous_7)","decl":{"start":{"line":65,"column":24},"end":{"line":65,"column":35}},"loc":{"start":{"line":65,"column":35},"end":{"line":68,"column":5}},"line":65},"8":{"name":"delay","decl":{"start":{"line":78,"column":16},"end":{"line":78,"column":22}},"loc":{"start":{"line":78,"column":72},"end":{"line":80,"column":null}},"line":78},"9":{"name":"interval","decl":{"start":{"line":85,"column":16},"end":{"line":85,"column":25}},"loc":{"start":{"line":85,"column":75},"end":{"line":87,"column":null}},"line":85},"10":{"name":"wait","decl":{"start":{"line":92,"column":16},"end":{"line":92,"column":21}},"loc":{"start":{"line":92,"column":48},"end":{"line":94,"column":null}},"line":92},"11":{"name":"(anonymous_11)","decl":{"start":{"line":93,"column":21},"end":{"line":93,"column":32}},"loc":{"start":{"line":93,"column":32},"end":{"line":93,"column":55}},"line":93}},"branchMap":{"0":{"loc":{"start":{"line":32,"column":8},"end":{"line":35,"column":null}},"type":"if","locations":[{"start":{"line":32,"column":8},"end":{"line":35,"column":null}},{"start":{},"end":{}}],"line":32},"1":{"loc":{"start":{"line":53,"column":8},"end":{"line":56,"column":null}},"type":"if","locations":[{"start":{"line":53,"column":8},"end":{"line":56,"column":null}},{"start":{},"end":{}}],"line":53}},"s":{"0":1,"1":1,"2":14,"3":14,"4":6,"5":6,"6":14,"7":14,"8":2,"9":2,"10":1,"11":1,"12":8,"13":8,"14":8,"15":8,"16":1,"17":1,"18":1,"19":1,"20":20,"21":14,"22":14,"23":20,"24":1,"25":14,"26":8,"27":2,"28":2},"f":{"0":1,"1":14,"2":6,"3":2,"4":8,"5":1,"6":20,"7":14,"8":14,"9":8,"10":2,"11":2},"b":{"0":[1,1],"1":[1,0]},"meta":{"lastBranch":2,"lastFunction":12,"lastStatement":29,"seen":{"f:12:0:12:6":0,"s:13:2:13:Infinity":0,"s:14:2:14:Infinity":1,"f:19:2:19:8":1,"s:20:15:20:Infinity":2,"s:21:22:24:Infinity":3,"f:21:40:21:46":2,"s:22:6:22:Infinity":4,"s:23:6:23:Infinity":5,"s:26:4:26:Infinity":6,"s:28:4:37:Infinity":7,"f:30:14:30:20":3,"s:31:20:31:Infinity":8,"b:32:8:35:Infinity:undefined:undefined:undefined:undefined":0,"s:32:8:35:Infinity":9,"s:33:10:33:Infinity":10,"s:34:10:34:Infinity":11,"f:43:2:43:11":4,"s:44:15:44:Infinity":12,"s:45:23:45:Infinity":13,"s:47:4:47:Infinity":14,"s:49:4:58:Infinity":15,"f:51:14:51:20":5,"s:52:20:52:Infinity":16,"b:53:8:56:Infinity:undefined:undefined:undefined:undefined":1,"s:53:8:56:Infinity":17,"s:54:10:54:Infinity":18,"s:55:10:55:Infinity":19,"f:64:2:64:19":6,"s:65:4:68:Infinity":20,"f:65:24:65:35":7,"s:66:6:66:Infinity":21,"s:67:6:67:Infinity":22,"s:69:4:69:Infinity":23,"s:73:28:73:Infinity":24,"f:78:16:78:22":8,"s:79:2:79:Infinity":25,"f:85:16:85:25":9,"s:86:2:86:Infinity":26,"f:92:16:92:21":10,"s:93:2:93:Infinity":27,"f:93:21:93:32":11,"s:93:32:93:55":28}}}
}
