TN:
SF:src/index.ts
FNF:0
FNH:0
LF:0
LH:0
BRF:0
BRH:0
end_of_record
TN:
SF:src/types.ts
FNF:0
FNH:0
LF:0
LH:0
BRF:0
BRH:0
end_of_record
TN:
SF:src/audio/AudioManager.ts
FN:15,(anonymous_0)
FN:19,(anonymous_1)
FN:24,(anonymous_2)
FN:27,(anonymous_3)
FN:32,(anonymous_4)
FN:43,(anonymous_5)
FN:50,(anonymous_6)
FN:51,(anonymous_7)
FN:59,(anonymous_8)
FN:75,(anonymous_9)
FN:83,(anonymous_10)
FN:93,(anonymous_11)
FN:99,(anonymous_12)
FN:110,(anonymous_13)
FN:119,(anonymous_14)
FN:121,(anonymous_15)
FN:128,(anonymous_16)
FN:138,(anonymous_17)
FN:145,(anonymous_18)
FN:155,(anonymous_19)
FN:162,(anonymous_20)
FN:169,(anonymous_21)
FN:176,(anonymous_22)
FN:186,(anonymous_23)
FN:196,(anonymous_24)
FN:208,(anonymous_25)
FNF:26
FNH:0
FNDA:0,(anonymous_0)
FNDA:0,(anonymous_1)
FNDA:0,(anonymous_2)
FNDA:0,(anonymous_3)
FNDA:0,(anonymous_4)
FNDA:0,(anonymous_5)
FNDA:0,(anonymous_6)
FNDA:0,(anonymous_7)
FNDA:0,(anonymous_8)
FNDA:0,(anonymous_9)
FNDA:0,(anonymous_10)
FNDA:0,(anonymous_11)
FNDA:0,(anonymous_12)
FNDA:0,(anonymous_13)
FNDA:0,(anonymous_14)
FNDA:0,(anonymous_15)
FNDA:0,(anonymous_16)
FNDA:0,(anonymous_17)
FNDA:0,(anonymous_18)
FNDA:0,(anonymous_19)
FNDA:0,(anonymous_20)
FNDA:0,(anonymous_21)
FNDA:0,(anonymous_22)
FNDA:0,(anonymous_23)
FNDA:0,(anonymous_24)
FNDA:0,(anonymous_25)
DA:13,0
DA:16,0
DA:20,0
DA:21,0
DA:22,0
DA:23,0
DA:24,0
DA:28,0
DA:33,0
DA:34,0
DA:35,0
DA:36,0
DA:37,0
DA:38,0
DA:44,0
DA:51,0
DA:52,0
DA:60,0
DA:62,0
DA:63,0
DA:64,0
DA:65,0
DA:68,0
DA:69,0
DA:76,0
DA:77,0
DA:84,0
DA:87,0
DA:89,0
DA:90,0
DA:91,0
DA:92,0
DA:93,0
DA:100,0
DA:101,0
DA:102,0
DA:103,0
DA:111,0
DA:112,0
DA:120,0
DA:121,0
DA:129,0
DA:130,0
DA:131,0
DA:139,0
DA:146,0
DA:147,0
DA:148,0
DA:156,0
DA:163,0
DA:170,0
DA:177,0
DA:178,0
DA:179,0
DA:187,0
DA:188,0
DA:189,0
DA:197,0
DA:198,0
DA:200,0
DA:202,0
DA:209,0
DA:214,0
LF:63
LH:0
BRDA:19,0,0,0
BRDA:21,1,0,0
BRDA:21,1,1,0
BRDA:22,2,0,0
BRDA:22,2,1,0
BRDA:23,3,0,0
BRDA:23,3,1,0
BRDA:59,4,0,0
BRDA:60,5,0,0
BRDA:60,5,1,0
BRDA:63,6,0,0
BRDA:63,6,1,0
BRDA:68,7,0,0
BRDA:68,7,1,0
BRDA:75,8,0,0
BRDA:83,9,0,0
BRDA:84,10,0,0
BRDA:84,10,1,0
BRDA:90,11,0,0
BRDA:90,11,1,0
BRDA:91,12,0,0
BRDA:91,12,1,0
BRDA:92,13,0,0
BRDA:92,13,1,0
BRDA:100,14,0,0
BRDA:100,14,1,0
BRDA:111,15,0,0
BRDA:111,15,1,0
BRDA:120,16,0,0
BRDA:120,16,1,0
BRDA:130,17,0,0
BRDA:130,17,1,0
BRDA:147,18,0,0
BRDA:147,18,1,0
BRDA:178,19,0,0
BRDA:178,19,1,0
BRDA:188,20,0,0
BRDA:188,20,1,0
BRDA:197,21,0,0
BRDA:197,21,1,0
BRF:40
BRH:0
end_of_record
TN:
SF:src/core/Camera.ts
FN:23,(anonymous_0)
FN:28,(anonymous_1)
FN:37,(anonymous_2)
FN:44,(anonymous_3)
FN:52,(anonymous_4)
FN:59,(anonymous_5)
FN:68,(anonymous_6)
FN:95,(anonymous_7)
FN:108,(anonymous_8)
FN:136,(anonymous_9)
FNF:10
FNH:0
FNDA:0,(anonymous_0)
FNDA:0,(anonymous_1)
FNDA:0,(anonymous_2)
FNDA:0,(anonymous_3)
FNDA:0,(anonymous_4)
FNDA:0,(anonymous_5)
FNDA:0,(anonymous_6)
FNDA:0,(anonymous_7)
FNDA:0,(anonymous_8)
FNDA:0,(anonymous_9)
DA:8,0
DA:9,0
DA:10,0
DA:11,0
DA:13,0
DA:14,0
DA:15,0
DA:18,0
DA:19,0
DA:20,0
DA:21,0
DA:23,0
DA:29,0
DA:30,0
DA:31,0
DA:38,0
DA:45,0
DA:46,0
DA:53,0
DA:60,0
DA:61,0
DA:62,0
DA:70,0
DA:71,0
DA:72,0
DA:74,0
DA:75,0
DA:79,0
DA:80,0
DA:81,0
DA:82,0
DA:84,0
DA:85,0
DA:87,0
DA:88,0
DA:96,0
DA:97,0
DA:98,0
DA:99,0
DA:109,0
DA:110,0
DA:113,0
DA:114,0
DA:117,0
DA:118,0
DA:119,0
DA:120,0
DA:121,0
DA:122,0
DA:123,0
DA:127,0
DA:137,0
DA:138,0
DA:141,0
DA:142,0
DA:145,0
DA:146,0
DA:147,0
DA:148,0
DA:149,0
DA:150,0
DA:151,0
DA:155,0
LF:63
LH:0
BRDA:28,0,0,0
BRDA:28,1,0,0
BRDA:59,2,0,0
BRDA:59,3,0,0
BRDA:70,4,0,0
BRDA:70,4,1,0
BRDA:79,5,0,0
BRDA:79,5,1,0
BRDA:117,6,0,0
BRDA:117,6,1,0
BRDA:145,7,0,0
BRDA:145,7,1,0
BRF:12
BRH:0
end_of_record
TN:
SF:src/core/EventEmitter.ts
FN:6,(anonymous_0)
FN:12,(anonymous_1)
FN:23,(anonymous_2)
FN:24,(anonymous_3)
FN:34,(anonymous_4)
FN:53,(anonymous_5)
FN:56,(anonymous_6)
FN:64,(anonymous_7)
FNF:8
FNH:8
FNDA:27,(anonymous_0)
FNDA:39,(anonymous_1)
FNDA:7,(anonymous_2)
FNDA:6,(anonymous_3)
FNDA:13,(anonymous_4)
FNDA:33,(anonymous_5)
FNDA:29,(anonymous_6)
FNDA:3,(anonymous_7)
DA:7,27
DA:13,39
DA:14,30
DA:16,39
DA:17,39
DA:24,7
DA:25,6
DA:26,6
DA:28,7
DA:35,13
DA:36,1
DA:37,1
DA:40,12
DA:41,12
DA:42,11
DA:43,11
DA:44,6
DA:47,12
DA:54,33
DA:55,33
DA:56,29
DA:58,32
DA:65,3
LF:23
LH:23
BRDA:13,0,0,30
BRDA:13,0,1,9
BRDA:35,1,0,1
BRDA:35,1,1,12
BRDA:41,2,0,11
BRDA:41,2,1,1
BRDA:43,3,0,6
BRDA:43,3,1,5
BRDA:55,4,0,23
BRDA:55,4,1,10
BRF:10
BRH:10
end_of_record
TN:
SF:src/core/Game.ts
FN:78,(anonymous_0)
FN:58,(anonymous_1)
FN:63,(anonymous_2)
FN:68,(anonymous_3)
FN:73,(anonymous_4)
FN:288,(anonymous_5)
FN:137,(anonymous_6)
FN:157,(anonymous_7)
FN:167,(anonymous_8)
FN:177,(anonymous_9)
FN:195,(anonymous_10)
FN:211,(anonymous_11)
FN:229,(anonymous_12)
FN:248,(anonymous_13)
FN:255,(anonymous_14)
FN:272,(anonymous_15)
FN:376,(anonymous_16)
FN:387,(anonymous_17)
FN:398,(anonymous_18)
FN:423,(anonymous_19)
FN:462,(anonymous_20)
FN:471,(anonymous_21)
FN:486,(anonymous_22)
FN:494,(anonymous_23)
FN:507,(anonymous_24)
FN:549,(anonymous_25)
FN:558,(anonymous_26)
FNF:27
FNH:0
FNDA:0,(anonymous_0)
FNDA:0,(anonymous_1)
FNDA:0,(anonymous_2)
FNDA:0,(anonymous_3)
FNDA:0,(anonymous_4)
FNDA:0,(anonymous_5)
FNDA:0,(anonymous_6)
FNDA:0,(anonymous_7)
FNDA:0,(anonymous_8)
FNDA:0,(anonymous_9)
FNDA:0,(anonymous_10)
FNDA:0,(anonymous_11)
FNDA:0,(anonymous_12)
FNDA:0,(anonymous_13)
FNDA:0,(anonymous_14)
FNDA:0,(anonymous_15)
FNDA:0,(anonymous_16)
FNDA:0,(anonymous_17)
FNDA:0,(anonymous_18)
FNDA:0,(anonymous_19)
FNDA:0,(anonymous_20)
FNDA:0,(anonymous_21)
FNDA:0,(anonymous_22)
FNDA:0,(anonymous_23)
FNDA:0,(anonymous_24)
FNDA:0,(anonymous_25)
FNDA:0,(anonymous_26)
DA:24,0
DA:25,0
DA:26,0
DA:27,0
DA:29,0
DA:30,0
DA:31,0
DA:41,0
DA:44,0
DA:45,0
DA:49,0
DA:50,0
DA:51,0
DA:52,0
DA:55,0
DA:56,0
DA:58,0
DA:59,0
DA:60,0
DA:63,0
DA:64,0
DA:65,0
DA:68,0
DA:69,0
DA:70,0
DA:73,0
DA:74,0
DA:75,0
DA:79,0
DA:82,0
DA:83,0
DA:84,0
DA:85,0
DA:86,0
DA:87,0
DA:88,0
DA:89,0
DA:91,0
DA:92,0
DA:96,0
DA:97,0
DA:99,0
DA:100,0
DA:103,0
DA:107,0
DA:108,0
DA:109,0
DA:110,0
DA:113,0
DA:118,0
DA:119,0
DA:122,0
DA:123,0
DA:125,0
DA:126,0
DA:127,0
DA:131,0
DA:132,0
DA:133,0
DA:136,0
DA:137,0
DA:138,0
DA:139,0
DA:140,0
DA:146,0
DA:149,0
DA:150,0
DA:158,0
DA:159,0
DA:160,0
DA:161,0
DA:168,0
DA:169,0
DA:170,0
DA:171,0
DA:181,0
DA:182,0
DA:188,0
DA:189,0
DA:199,0
DA:200,0
DA:203,0
DA:204,0
DA:205,0
DA:208,0
DA:209,0
DA:211,0
DA:212,0
DA:213,0
DA:214,0
DA:222,0
DA:230,0
DA:231,0
DA:234,0
DA:235,0
DA:238,0
DA:239,0
DA:240,0
DA:242,0
DA:249,0
DA:256,0
DA:258,0
DA:259,0
DA:260,0
DA:261,0
DA:262,0
DA:263,0
DA:264,0
DA:265,0
DA:273,0
DA:275,0
DA:276,0
DA:277,0
DA:278,0
DA:279,0
DA:281,0
DA:282,0
DA:288,0
DA:289,0
DA:292,0
DA:293,0
DA:294,0
DA:295,0
DA:296,0
DA:300,0
DA:301,0
DA:304,0
DA:307,0
DA:308,0
DA:309,0
DA:310,0
DA:311,0
DA:315,0
DA:316,0
DA:317,0
DA:322,0
DA:323,0
DA:324,0
DA:325,0
DA:330,0
DA:331,0
DA:334,0
DA:335,0
DA:336,0
DA:337,0
DA:340,0
DA:341,0
DA:344,0
DA:345,0
DA:347,0
DA:348,0
DA:349,0
DA:350,0
DA:353,0
DA:355,0
DA:356,0
DA:357,0
DA:358,0
DA:361,0
DA:364,0
DA:365,0
DA:368,0
DA:370,0
DA:377,0
DA:378,0
DA:388,0
DA:389,0
DA:390,0
DA:392,0
DA:395,0
DA:396,0
DA:398,0
DA:399,0
DA:400,0
DA:401,0
DA:403,0
DA:404,0
DA:406,0
DA:407,0
DA:409,0
DA:410,0
DA:412,0
DA:413,0
DA:416,0
DA:417,0
DA:419,0
DA:420,0
DA:423,0
DA:424,0
DA:425,0
DA:426,0
DA:428,0
DA:429,0
DA:431,0
DA:432,0
DA:434,0
DA:435,0
DA:437,0
DA:438,0
DA:441,0
DA:442,0
DA:444,0
DA:446,0
DA:447,0
DA:450,0
DA:451,0
DA:452,0
DA:454,0
DA:455,0
DA:463,0
DA:464,0
DA:465,0
DA:472,0
DA:473,0
DA:474,0
DA:475,0
DA:476,0
DA:477,0
DA:478,0
DA:479,0
DA:480,0
DA:487,0
DA:488,0
DA:489,0
DA:490,0
DA:494,0
DA:495,0
DA:498,0
DA:501,0
DA:508,0
DA:509,0
DA:511,0
DA:512,0
DA:513,0
DA:514,0
DA:520,0
DA:522,0
DA:523,0
DA:526,0
DA:527,0
DA:531,0
DA:532,0
DA:538,0
DA:550,0
DA:551,0
DA:559,0
DA:561,0
DA:564,0
DA:565,0
DA:566,0
DA:569,0
DA:570,0
DA:572,0
DA:573,0
LF:254
LH:0
BRDA:78,0,0,0
BRDA:289,1,0,0
BRDA:289,1,1,0
BRDA:292,2,0,0
BRDA:292,2,1,0
BRDA:294,3,0,0
BRDA:294,3,1,0
BRDA:308,4,0,0
BRDA:308,4,1,0
BRDA:315,5,0,0
BRDA:315,5,1,0
BRDA:315,6,0,0
BRDA:315,6,1,0
BRDA:322,7,0,0
BRDA:322,7,1,0
BRDA:336,8,0,0
BRDA:336,8,1,0
BRDA:340,9,0,0
BRDA:340,9,1,0
BRDA:347,10,0,0
BRDA:347,10,1,0
BRDA:347,11,0,0
BRDA:347,11,1,0
BRDA:349,12,0,0
BRDA:349,12,1,0
BRDA:355,13,0,0
BRDA:355,13,1,0
BRDA:364,14,0,0
BRDA:364,14,1,0
BRDA:82,15,0,0
BRDA:82,15,1,0
BRDA:83,16,0,0
BRDA:83,16,1,0
BRDA:84,17,0,0
BRDA:84,17,1,0
BRDA:84,17,2,0
BRDA:85,18,0,0
BRDA:85,18,1,0
BRDA:86,19,0,0
BRDA:86,19,1,0
BRDA:87,20,0,0
BRDA:87,20,1,0
BRDA:88,21,0,0
BRDA:88,21,1,0
BRDA:89,22,0,0
BRDA:89,22,1,0
BRDA:91,23,0,0
BRDA:91,23,1,0
BRDA:96,24,0,0
BRDA:96,24,1,0
BRDA:100,25,0,0
BRDA:100,25,1,0
BRDA:102,26,0,0
BRDA:102,26,1,0
BRDA:114,27,0,0
BRDA:114,27,1,0
BRDA:115,28,0,0
BRDA:115,28,1,0
BRDA:118,29,0,0
BRDA:118,29,1,0
BRDA:125,30,0,0
BRDA:125,30,1,0
BRDA:127,31,0,0
BRDA:127,31,1,0
BRDA:133,32,0,0
BRDA:133,32,1,0
BRDA:136,33,0,0
BRDA:136,33,1,0
BRDA:139,34,0,0
BRDA:139,34,1,0
BRDA:139,35,0,0
BRDA:139,35,1,0
BRDA:149,36,0,0
BRDA:149,36,1,0
BRDA:179,37,0,0
BRDA:181,38,0,0
BRDA:181,38,1,0
BRDA:197,39,0,0
BRDA:199,40,0,0
BRDA:199,40,1,0
BRDA:204,41,0,0
BRDA:204,41,1,0
BRDA:208,42,0,0
BRDA:208,42,1,0
BRDA:209,43,0,0
BRDA:209,43,1,0
BRDA:230,44,0,0
BRDA:230,44,1,0
BRDA:234,45,0,0
BRDA:234,45,1,0
BRDA:256,46,0,0
BRDA:256,46,1,0
BRDA:264,47,0,0
BRDA:264,47,1,0
BRDA:273,48,0,0
BRDA:273,48,1,0
BRDA:277,49,0,0
BRDA:277,49,1,0
BRDA:388,50,0,0
BRDA:388,50,1,0
BRDA:389,51,0,0
BRDA:389,51,1,0
BRDA:399,52,0,0
BRDA:399,52,1,0
BRDA:401,53,0,0
BRDA:401,53,1,0
BRDA:401,53,2,0
BRDA:401,53,3,0
BRDA:401,53,4,0
BRDA:401,53,5,0
BRDA:424,54,0,0
BRDA:424,54,1,0
BRDA:426,55,0,0
BRDA:426,55,1,0
BRDA:426,55,2,0
BRDA:426,55,3,0
BRDA:426,55,4,0
BRDA:426,55,5,0
BRDA:441,56,0,0
BRDA:441,56,1,0
BRDA:450,57,0,0
BRDA:450,57,1,0
BRDA:488,58,0,0
BRDA:488,58,1,0
BRDA:509,59,0,0
BRDA:509,59,1,0
BRDA:520,60,0,0
BRDA:520,60,1,0
BRDA:550,61,0,0
BRDA:550,61,1,0
BRDA:564,62,0,0
BRDA:564,62,1,0
BRDA:569,63,0,0
BRDA:569,63,1,0
BRF:134
BRH:0
end_of_record
TN:
SF:src/core/Scene.ts
FN:11,(anonymous_0)
FN:30,(anonymous_1)
FN:33,(anonymous_2)
FN:42,(anonymous_3)
FN:68,(anonymous_4)
FN:76,(anonymous_5)
FN:83,(anonymous_6)
FN:90,(anonymous_7)
FN:103,(anonymous_8)
FN:110,(anonymous_9)
FN:123,(anonymous_10)
FN:136,(anonymous_11)
FN:143,(anonymous_12)
FN:144,(anonymous_13)
FN:150,(anonymous_14)
FN:151,(anonymous_15)
FN:158,(anonymous_16)
FN:165,(anonymous_17)
FN:185,(anonymous_18)
FN:186,(anonymous_19)
FN:209,(anonymous_20)
FN:222,(anonymous_21)
FN:231,(anonymous_22)
FN:240,(anonymous_23)
FN:249,(anonymous_24)
FN:251,(anonymous_25)
FNF:26
FNH:0
FNDA:0,(anonymous_0)
FNDA:0,(anonymous_1)
FNDA:0,(anonymous_2)
FNDA:0,(anonymous_3)
FNDA:0,(anonymous_4)
FNDA:0,(anonymous_5)
FNDA:0,(anonymous_6)
FNDA:0,(anonymous_7)
FNDA:0,(anonymous_8)
FNDA:0,(anonymous_9)
FNDA:0,(anonymous_10)
FNDA:0,(anonymous_11)
FNDA:0,(anonymous_12)
FNDA:0,(anonymous_13)
FNDA:0,(anonymous_14)
FNDA:0,(anonymous_15)
FNDA:0,(anonymous_16)
FNDA:0,(anonymous_17)
FNDA:0,(anonymous_18)
FNDA:0,(anonymous_19)
FNDA:0,(anonymous_20)
FNDA:0,(anonymous_21)
FNDA:0,(anonymous_22)
FNDA:0,(anonymous_23)
FNDA:0,(anonymous_24)
FNDA:0,(anonymous_25)
DA:9,0
DA:12,0
DA:24,0
DA:25,0
DA:26,0
DA:31,0
DA:32,0
DA:33,0
DA:34,0
DA:36,0
DA:38,0
DA:43,0
DA:44,0
DA:46,0
DA:47,0
DA:48,0
DA:51,0
DA:52,0
DA:61,0
DA:62,0
DA:63,0
DA:64,0
DA:65,0
DA:69,0
DA:70,0
DA:77,0
DA:84,0
DA:91,0
DA:94,0
DA:95,0
DA:96,0
DA:104,0
DA:111,0
DA:112,0
DA:113,0
DA:114,0
DA:115,0
DA:117,0
DA:124,0
DA:125,0
DA:126,0
DA:127,0
DA:128,0
DA:130,0
DA:137,0
DA:144,0
DA:151,0
DA:152,0
DA:159,0
DA:166,0
DA:167,0
DA:170,0
DA:171,0
DA:172,0
DA:177,0
DA:179,0
DA:186,0
DA:188,0
DA:189,0
DA:192,0
DA:193,0
DA:196,0
DA:199,0
DA:201,0
DA:210,0
DA:211,0
DA:212,0
DA:216,0
DA:223,0
DA:224,0
DA:225,0
DA:232,0
DA:233,0
DA:234,0
DA:241,0
DA:242,0
DA:251,0
DA:252,0
DA:254,0
DA:255,0
LF:80
LH:0
BRDA:25,0,0,0
BRDA:25,0,1,0
BRDA:31,1,0,0
BRDA:31,1,1,0
BRDA:46,2,0,0
BRDA:46,2,1,0
BRDA:51,3,0,0
BRDA:51,3,1,0
BRDA:68,4,0,0
BRDA:94,5,0,0
BRDA:94,5,1,0
BRDA:94,6,0,0
BRDA:94,6,1,0
BRDA:94,6,2,0
BRDA:111,7,0,0
BRDA:111,7,1,0
BRDA:125,8,0,0
BRDA:125,8,1,0
BRDA:166,9,0,0
BRDA:166,9,1,0
BRDA:171,10,0,0
BRDA:171,10,1,0
BRDA:186,11,0,0
BRDA:186,11,1,0
BRDA:196,12,0,0
BRDA:196,12,1,0
BRDA:199,13,0,0
BRDA:199,13,1,0
BRDA:211,14,0,0
BRDA:211,14,1,0
BRF:30
BRH:0
end_of_record
TN:
SF:src/effects/Particle.ts
FN:25,(anonymous_0)
FN:41,(anonymous_1)
FN:57,(anonymous_2)
FN:88,(anonymous_3)
FN:102,(anonymous_4)
FN:118,(anonymous_5)
FN:143,(anonymous_6)
FN:149,(anonymous_7)
FN:153,(anonymous_8)
FNF:9
FNH:0
FNDA:0,(anonymous_0)
FNDA:0,(anonymous_1)
FNDA:0,(anonymous_2)
FNDA:0,(anonymous_3)
FNDA:0,(anonymous_4)
FNDA:0,(anonymous_5)
FNDA:0,(anonymous_6)
FNDA:0,(anonymous_7)
FNDA:0,(anonymous_8)
DA:23,0
DA:27,0
DA:28,0
DA:36,0
DA:37,0
DA:38,0
DA:43,0
DA:46,0
DA:49,0
DA:50,0
DA:54,0
DA:58,0
DA:59,0
DA:60,0
DA:61,0
DA:86,0
DA:89,0
DA:91,0
DA:92,0
DA:93,0
DA:97,0
DA:98,0
DA:99,0
DA:103,0
DA:105,0
DA:107,0
DA:108,0
DA:109,0
DA:112,0
DA:119,0
DA:120,0
DA:122,0
DA:124,0
DA:137,0
DA:144,0
DA:145,0
DA:150,0
LF:37
LH:0
BRDA:27,0,0,0
BRDA:27,0,1,0
BRDA:32,1,0,0
BRDA:32,1,1,0
BRDA:33,2,0,0
BRDA:33,2,1,0
BRDA:36,3,0,0
BRDA:36,3,1,0
BRDA:37,4,0,0
BRDA:37,4,1,0
BRDA:38,5,0,0
BRDA:38,5,1,0
BRDA:49,6,0,0
BRDA:49,6,1,0
BRDA:88,7,0,0
BRDA:91,8,0,0
BRDA:91,8,1,0
BRDA:92,9,0,0
BRDA:92,9,1,0
BRDA:93,10,0,0
BRDA:93,10,1,0
BRDA:97,11,0,0
BRDA:97,11,1,0
BRDA:98,12,0,0
BRDA:98,12,1,0
BRDA:99,13,0,0
BRDA:99,13,1,0
BRDA:120,14,0,0
BRDA:120,14,1,0
BRF:29
BRH:0
end_of_record
TN:
SF:src/effects/TouchTrail.ts
FN:26,(anonymous_0)
FN:36,(anonymous_1)
FN:55,(anonymous_2)
FN:76,(anonymous_3)
FN:106,(anonymous_4)
FN:113,(anonymous_5)
FN:120,(anonymous_6)
FN:127,(anonymous_7)
FNF:8
FNH:0
FNDA:0,(anonymous_0)
FNDA:0,(anonymous_1)
FNDA:0,(anonymous_2)
FNDA:0,(anonymous_3)
FNDA:0,(anonymous_4)
FNDA:0,(anonymous_5)
FNDA:0,(anonymous_6)
FNDA:0,(anonymous_7)
DA:19,0
DA:24,0
DA:27,0
DA:28,0
DA:29,0
DA:30,0
DA:37,0
DA:39,0
DA:47,0
DA:48,0
DA:56,0
DA:57,0
DA:59,0
DA:60,0
DA:61,0
DA:63,0
DA:64,0
DA:68,0
DA:69,0
DA:77,0
DA:79,0
DA:80,0
DA:81,0
DA:82,0
DA:84,0
DA:85,0
DA:86,0
DA:88,0
DA:89,0
DA:91,0
DA:92,0
DA:93,0
DA:94,0
DA:95,0
DA:96,0
DA:99,0
DA:100,0
DA:107,0
DA:114,0
DA:121,0
DA:128,0
LF:41
LH:0
BRDA:26,0,0,0
BRDA:27,1,0,0
BRDA:27,1,1,0
BRDA:28,2,0,0
BRDA:28,2,1,0
BRDA:29,3,0,0
BRDA:29,3,1,0
BRDA:30,4,0,0
BRDA:30,4,1,0
BRDA:37,5,0,0
BRDA:37,5,1,0
BRDA:47,6,0,0
BRDA:47,6,1,0
BRDA:63,7,0,0
BRDA:63,7,1,0
BRDA:68,8,0,0
BRDA:68,8,1,0
BRDA:77,9,0,0
BRDA:77,9,1,0
BRF:19
BRH:0
end_of_record
TN:
SF:src/effects/Tween.ts
FN:23,(anonymous_0)
FN:44,(anonymous_1)
FN:94,(anonymous_2)
FN:101,(anonymous_3)
FN:108,(anonymous_4)
FN:115,(anonymous_5)
FN:118,(anonymous_6)
FNF:7
FNH:7
FNDA:112,(anonymous_0)
FNDA:122,(anonymous_1)
FNDA:8,(anonymous_2)
FNDA:45,(anonymous_3)
FNDA:6,(anonymous_4)
FNDA:7,(anonymous_5)
FNDA:5,(anonymous_6)
DA:9,112
DA:17,112
DA:18,112
DA:19,112
DA:20,112
DA:21,112
DA:24,112
DA:25,112
DA:26,112
DA:27,112
DA:28,112
DA:29,112
DA:32,112
DA:33,2
DA:34,110
DA:35,33
DA:37,77
DA:45,122
DA:47,116
DA:50,116
DA:51,90
DA:52,90
DA:53,3
DA:56,87
DA:59,87
DA:60,90
DA:62,87
DA:66,113
DA:67,113
DA:68,122
DA:71,122
DA:72,118
DA:73,118
DA:74,118
DA:78,113
DA:79,5
DA:83,113
DA:84,66
DA:85,66
DA:86,12
DA:95,8
DA:102,45
DA:109,6
DA:116,7
DA:117,6
DA:118,6
DA:119,5
DA:120,5
DA:123,7
LF:49
LH:49
BRDA:27,0,0,112
BRDA:27,0,1,109
BRDA:32,1,0,2
BRDA:32,1,1,110
BRDA:34,2,0,33
BRDA:34,2,1,77
BRDA:35,3,0,33
BRDA:35,3,1,0
BRDA:45,4,0,6
BRDA:45,4,1,116
BRDA:45,5,0,122
BRDA:45,5,1,118
BRDA:50,6,0,90
BRDA:50,6,1,26
BRDA:52,7,0,3
BRDA:52,7,1,87
BRDA:67,8,0,1
BRDA:67,8,1,112
BRDA:78,9,0,5
BRDA:78,9,1,108
BRDA:83,10,0,66
BRDA:83,10,1,47
BRDA:85,11,0,12
BRDA:85,11,1,54
BRDA:109,12,0,6
BRDA:109,12,1,4
BRDA:116,13,0,6
BRDA:116,13,1,1
BRDA:119,14,0,3
BRDA:119,14,1,2
BRF:30
BRH:29
end_of_record
TN:
SF:src/effects/TweenManager.ts
FN:6,(anonymous_0)
FN:12,(anonymous_1)
FN:19,(anonymous_2)
FN:26,(anonymous_3)
FN:40,(anonymous_4)
FN:47,(anonymous_5)
FNF:6
FNH:6
FNDA:29,(anonymous_0)
FNDA:41,(anonymous_1)
FNDA:4,(anonymous_2)
FNDA:26,(anonymous_3)
FNDA:5,(anonymous_4)
FNDA:37,(anonymous_5)
DA:7,29
DA:13,41
DA:20,4
DA:27,26
DA:28,37
DA:31,37
DA:32,18
DA:41,5
DA:48,37
DA:53,1
LF:10
LH:10
BRDA:31,0,0,18
BRDA:31,0,1,19
BRF:2
BRH:2
end_of_record
TN:
SF:src/entities/Entity.ts
FN:56,(anonymous_0)
FN:85,(anonymous_1)
FN:92,(anonymous_2)
FN:99,(anonymous_3)
FN:112,(anonymous_4)
FN:124,(anonymous_5)
FN:132,(anonymous_6)
FN:140,(anonymous_7)
FN:147,(anonymous_8)
FN:164,(anonymous_9)
FN:192,(anonymous_10)
FN:206,(anonymous_11)
FN:272,(anonymous_12)
FN:292,(anonymous_13)
FN:375,(anonymous_14)
FN:451,(anonymous_15)
FN:462,(anonymous_16)
FN:468,(anonymous_17)
FN:495,(anonymous_18)
FN:503,(anonymous_19)
FN:601,(anonymous_20)
FN:647,(anonymous_21)
FN:659,(anonymous_22)
FN:678,(anonymous_23)
FN:724,(anonymous_24)
FN:731,(anonymous_25)
FN:740,(anonymous_26)
FNF:27
FNH:0
FNDA:0,(anonymous_0)
FNDA:0,(anonymous_1)
FNDA:0,(anonymous_2)
FNDA:0,(anonymous_3)
FNDA:0,(anonymous_4)
FNDA:0,(anonymous_5)
FNDA:0,(anonymous_6)
FNDA:0,(anonymous_7)
FNDA:0,(anonymous_8)
FNDA:0,(anonymous_9)
FNDA:0,(anonymous_10)
FNDA:0,(anonymous_11)
FNDA:0,(anonymous_12)
FNDA:0,(anonymous_13)
FNDA:0,(anonymous_14)
FNDA:0,(anonymous_15)
FNDA:0,(anonymous_16)
FNDA:0,(anonymous_17)
FNDA:0,(anonymous_18)
FNDA:0,(anonymous_19)
FNDA:0,(anonymous_20)
FNDA:0,(anonymous_21)
FNDA:0,(anonymous_22)
FNDA:0,(anonymous_23)
FNDA:0,(anonymous_24)
FNDA:0,(anonymous_25)
FNDA:0,(anonymous_26)
DA:12,0
DA:13,0
DA:14,0
DA:15,0
DA:16,0
DA:17,0
DA:20,0
DA:21,0
DA:32,0
DA:33,0
DA:36,0
DA:37,0
DA:40,0
DA:41,0
DA:42,0
DA:43,0
DA:46,0
DA:47,0
DA:48,0
DA:51,0
DA:54,0
DA:57,0
DA:59,0
DA:60,0
DA:61,0
DA:62,0
DA:63,0
DA:64,0
DA:65,0
DA:66,0
DA:67,0
DA:68,0
DA:69,0
DA:70,0
DA:71,0
DA:72,0
DA:73,0
DA:74,0
DA:75,0
DA:76,0
DA:77,0
DA:78,0
DA:79,0
DA:86,0
DA:93,0
DA:100,0
DA:101,0
DA:104,0
DA:105,0
DA:106,0
DA:113,0
DA:114,0
DA:115,0
DA:116,0
DA:118,0
DA:125,0
DA:126,0
DA:133,0
DA:134,0
DA:141,0
DA:148,0
DA:149,0
DA:150,0
DA:152,0
DA:153,0
DA:154,0
DA:155,0
DA:158,0
DA:165,0
DA:174,0
DA:176,0
DA:177,0
DA:178,0
DA:179,0
DA:180,0
DA:181,0
DA:182,0
DA:183,0
DA:186,0
DA:193,0
DA:194,0
DA:195,0
DA:196,0
DA:197,0
DA:199,0
DA:207,0
DA:210,0
DA:211,0
DA:212,0
DA:213,0
DA:222,0
DA:223,0
DA:226,0
DA:227,0
DA:228,0
DA:229,0
DA:232,0
DA:239,0
DA:240,0
DA:241,0
DA:242,0
DA:244,0
DA:246,0
DA:247,0
DA:250,0
DA:251,0
DA:254,0
DA:255,0
DA:256,0
DA:257,0
DA:260,0
DA:273,0
DA:274,0
DA:277,0
DA:278,0
DA:279,0
DA:282,0
DA:283,0
DA:285,0
DA:293,0
DA:294,0
DA:297,0
DA:298,0
DA:299,0
DA:300,0
DA:301,0
DA:305,0
DA:306,0
DA:307,0
DA:308,0
DA:311,0
DA:312,0
DA:313,0
DA:314,0
DA:317,0
DA:318,0
DA:319,0
DA:320,0
DA:323,0
DA:324,0
DA:325,0
DA:326,0
DA:329,0
DA:330,0
DA:333,0
DA:334,0
DA:335,0
DA:338,0
DA:339,0
DA:341,0
DA:348,0
DA:349,0
DA:350,0
DA:352,0
DA:353,0
DA:354,0
DA:356,0
DA:363,0
DA:364,0
DA:365,0
DA:366,0
DA:378,0
DA:379,0
DA:382,0
DA:383,0
DA:384,0
DA:385,0
DA:387,0
DA:391,0
DA:392,0
DA:393,0
DA:396,0
DA:398,0
DA:401,0
DA:402,0
DA:405,0
DA:406,0
DA:407,0
DA:408,0
DA:411,0
DA:412,0
DA:413,0
DA:414,0
DA:417,0
DA:418,0
DA:421,0
DA:422,0
DA:423,0
DA:427,0
DA:428,0
DA:429,0
DA:431,0
DA:432,0
DA:433,0
DA:437,0
DA:438,0
DA:440,0
DA:452,0
DA:453,0
DA:454,0
DA:455,0
DA:456,0
DA:463,0
DA:464,0
DA:467,0
DA:468,0
DA:469,0
DA:472,0
DA:474,0
DA:476,0
DA:477,0
DA:481,0
DA:483,0
DA:484,0
DA:485,0
DA:487,0
DA:488,0
DA:496,0
DA:504,0
DA:505,0
DA:508,0
DA:509,0
DA:512,0
DA:513,0
DA:514,0
DA:515,0
DA:517,0
DA:521,0
DA:522,0
DA:523,0
DA:524,0
DA:527,0
DA:528,0
DA:529,0
DA:530,0
DA:533,0
DA:534,0
DA:535,0
DA:536,0
DA:539,0
DA:540,0
DA:541,0
DA:542,0
DA:545,0
DA:546,0
DA:549,0
DA:550,0
DA:551,0
DA:554,0
DA:555,0
DA:557,0
DA:558,0
DA:560,0
DA:564,0
DA:565,0
DA:566,0
DA:568,0
DA:569,0
DA:570,0
DA:572,0
DA:573,0
DA:574,0
DA:575,0
DA:577,0
DA:582,0
DA:583,0
DA:585,0
DA:586,0
DA:588,0
DA:590,0
DA:591,0
DA:592,0
DA:603,0
DA:604,0
DA:605,0
DA:610,0
DA:611,0
DA:612,0
DA:613,0
DA:615,0
DA:617,0
DA:618,0
DA:622,0
DA:623,0
DA:624,0
DA:626,0
DA:627,0
DA:632,0
DA:633,0
DA:635,0
DA:636,0
DA:648,0
DA:651,0
DA:652,0
DA:653,0
DA:661,0
DA:662,0
DA:666,0
DA:667,0
DA:668,0
DA:672,0
DA:679,0
DA:682,0
DA:686,0
DA:687,0
DA:690,0
DA:691,0
DA:693,0
DA:694,0
DA:696,0
DA:697,0
DA:699,0
DA:700,0
DA:705,0
DA:708,0
DA:709,0
DA:710,0
DA:711,0
DA:716,0
DA:717,0
DA:732,0
DA:733,0
DA:734,0
DA:742,0
DA:743,0
DA:747,0
DA:748,0
DA:752,0
DA:753,0
DA:756,0
LF:330
LH:0
BRDA:56,0,0,0
BRDA:59,1,0,0
BRDA:59,1,1,0
BRDA:60,2,0,0
BRDA:60,2,1,0
BRDA:61,3,0,0
BRDA:61,3,1,0
BRDA:62,4,0,0
BRDA:62,4,1,0
BRDA:63,5,0,0
BRDA:63,5,1,0
BRDA:64,6,0,0
BRDA:64,6,1,0
BRDA:65,7,0,0
BRDA:65,7,1,0
BRDA:66,8,0,0
BRDA:66,8,1,0
BRDA:73,9,0,0
BRDA:73,9,1,0
BRDA:74,10,0,0
BRDA:74,10,1,0
BRDA:75,11,0,0
BRDA:75,11,1,0
BRDA:76,12,0,0
BRDA:76,12,1,0
BRDA:77,13,0,0
BRDA:77,13,1,0
BRDA:78,14,0,0
BRDA:78,14,1,0
BRDA:79,15,0,0
BRDA:79,15,1,0
BRDA:100,16,0,0
BRDA:100,16,1,0
BRDA:114,17,0,0
BRDA:114,17,1,0
BRDA:199,18,0,0
BRDA:199,18,1,0
BRDA:199,18,2,0
BRDA:199,18,3,0
BRDA:210,19,0,0
BRDA:210,19,1,0
BRDA:273,20,0,0
BRDA:273,20,1,0
BRDA:273,21,0,0
BRDA:273,21,1,0
BRDA:274,22,0,0
BRDA:274,22,1,0
BRDA:274,23,0,0
BRDA:274,23,1,0
BRDA:285,24,0,0
BRDA:285,24,1,0
BRDA:297,25,0,0
BRDA:297,25,1,0
BRDA:297,26,0,0
BRDA:297,26,1,0
BRDA:300,27,0,0
BRDA:300,27,1,0
BRDA:305,28,0,0
BRDA:305,28,1,0
BRDA:305,29,0,0
BRDA:305,29,1,0
BRDA:306,30,0,0
BRDA:306,30,1,0
BRDA:307,31,0,0
BRDA:307,31,1,0
BRDA:308,32,0,0
BRDA:308,32,1,0
BRDA:311,33,0,0
BRDA:311,33,1,0
BRDA:335,34,0,0
BRDA:335,34,1,0
BRDA:354,35,0,0
BRDA:354,35,1,0
BRDA:365,36,0,0
BRDA:365,36,1,0
BRDA:382,37,0,0
BRDA:382,37,1,0
BRDA:382,38,0,0
BRDA:382,38,1,0
BRDA:391,39,0,0
BRDA:391,39,1,0
BRDA:391,40,0,0
BRDA:391,40,1,0
BRDA:392,41,0,0
BRDA:392,41,1,0
BRDA:393,42,0,0
BRDA:393,42,1,0
BRDA:396,43,0,0
BRDA:396,43,1,0
BRDA:441,44,0,0
BRDA:441,44,1,0
BRDA:441,44,2,0
BRDA:441,44,3,0
BRDA:463,45,0,0
BRDA:463,45,1,0
BRDA:463,46,0,0
BRDA:463,46,1,0
BRDA:464,47,0,0
BRDA:464,47,1,0
BRDA:467,48,0,0
BRDA:467,48,1,0
BRDA:469,49,0,0
BRDA:469,49,1,0
BRDA:474,50,0,0
BRDA:474,50,1,0
BRDA:474,51,0,0
BRDA:474,51,1,0
BRDA:485,52,0,0
BRDA:485,52,1,0
BRDA:485,53,0,0
BRDA:485,53,1,0
BRDA:508,54,0,0
BRDA:508,54,1,0
BRDA:508,55,0,0
BRDA:508,55,1,0
BRDA:513,56,0,0
BRDA:513,56,1,0
BRDA:521,57,0,0
BRDA:521,57,1,0
BRDA:521,58,0,0
BRDA:521,58,1,0
BRDA:522,59,0,0
BRDA:522,59,1,0
BRDA:523,60,0,0
BRDA:523,60,1,0
BRDA:524,61,0,0
BRDA:524,61,1,0
BRDA:527,62,0,0
BRDA:527,62,1,0
BRDA:555,63,0,0
BRDA:555,63,1,0
BRDA:573,64,0,0
BRDA:573,64,1,0
BRDA:588,65,0,0
BRDA:588,65,1,0
BRDA:588,66,0,0
BRDA:588,66,1,0
BRDA:603,67,0,0
BRDA:603,67,1,0
BRDA:604,68,0,0
BRDA:604,68,1,0
BRDA:612,69,0,0
BRDA:612,69,1,0
BRDA:617,70,0,0
BRDA:617,70,1,0
BRDA:617,71,0,0
BRDA:617,71,1,0
BRDA:622,72,0,0
BRDA:622,72,1,0
BRDA:623,73,0,0
BRDA:623,73,1,0
BRDA:624,74,0,0
BRDA:624,74,1,0
BRDA:626,75,0,0
BRDA:626,75,1,0
BRDA:627,76,0,0
BRDA:627,76,1,0
BRDA:632,77,0,0
BRDA:632,77,1,0
BRDA:635,78,0,0
BRDA:635,78,1,0
BRDA:647,79,0,0
BRDA:648,80,0,0
BRDA:648,80,1,0
BRDA:648,81,0,0
BRDA:648,81,1,0
BRDA:661,82,0,0
BRDA:661,82,1,0
BRDA:661,83,0,0
BRDA:661,83,1,0
BRDA:667,84,0,0
BRDA:667,84,1,0
BRDA:679,85,0,0
BRDA:679,85,1,0
BRDA:682,86,0,0
BRDA:682,86,1,0
BRDA:682,86,2,0
BRDA:682,86,3,0
BRDA:682,86,4,0
BRDA:682,86,5,0
BRDA:682,86,6,0
BRDA:686,87,0,0
BRDA:686,87,1,0
BRDA:690,88,0,0
BRDA:690,88,1,0
BRDA:690,89,0,0
BRDA:690,89,1,0
BRDA:693,90,0,0
BRDA:693,90,1,0
BRDA:696,91,0,0
BRDA:696,91,1,0
BRDA:696,92,0,0
BRDA:696,92,1,0
BRDA:699,93,0,0
BRDA:699,93,1,0
BRDA:708,94,0,0
BRDA:708,94,1,0
BRDA:710,95,0,0
BRDA:710,95,1,0
BRDA:716,96,0,0
BRDA:716,96,1,0
BRDA:742,97,0,0
BRDA:742,97,1,0
BRDA:747,98,0,0
BRDA:747,98,1,0
BRF:205
BRH:0
end_of_record
TN:
SF:src/entities/NinePatch.ts
FN:14,(anonymous_0)
FN:22,(anonymous_1)
FNF:2
FNH:0
FNDA:0,(anonymous_0)
FNDA:0,(anonymous_1)
DA:15,0
DA:16,0
DA:23,0
DA:24,0
DA:25,0
DA:28,0
DA:29,0
DA:30,0
DA:31,0
DA:32,0
DA:33,0
DA:34,0
DA:37,0
DA:40,0
DA:43,0
DA:46,0
DA:49,0
DA:52,0
DA:55,0
DA:58,0
DA:61,0
LF:21
LH:0
BRDA:23,0,0,0
BRDA:23,0,1,0
BRF:2
BRH:0
end_of_record
TN:
SF:src/entities/Sprite.ts
FN:22,(anonymous_0)
FN:32,(anonymous_1)
FN:49,(anonymous_2)
FN:50,(anonymous_3)
FN:52,(anonymous_4)
FN:67,(anonymous_5)
FN:74,(anonymous_6)
FN:94,(anonymous_7)
FN:101,(anonymous_8)
FN:108,(anonymous_9)
FN:115,(anonymous_10)
FN:144,(anonymous_11)
FN:167,(anonymous_12)
FN:186,(anonymous_13)
FN:213,(anonymous_14)
FN:236,(anonymous_15)
FN:249,(anonymous_16)
FN:261,(anonymous_17)
FN:287,(anonymous_18)
FN:298,(anonymous_19)
FNF:20
FNH:0
FNDA:0,(anonymous_0)
FNDA:0,(anonymous_1)
FNDA:0,(anonymous_2)
FNDA:0,(anonymous_3)
FNDA:0,(anonymous_4)
FNDA:0,(anonymous_5)
FNDA:0,(anonymous_6)
FNDA:0,(anonymous_7)
FNDA:0,(anonymous_8)
FNDA:0,(anonymous_9)
FNDA:0,(anonymous_10)
FNDA:0,(anonymous_11)
FNDA:0,(anonymous_12)
FNDA:0,(anonymous_13)
FNDA:0,(anonymous_14)
FNDA:0,(anonymous_15)
FNDA:0,(anonymous_16)
FNDA:0,(anonymous_17)
FNDA:0,(anonymous_18)
FNDA:0,(anonymous_19)
DA:8,0
DA:9,0
DA:14,0
DA:15,0
DA:16,0
DA:17,0
DA:18,0
DA:19,0
DA:20,0
DA:23,0
DA:25,0
DA:28,0
DA:29,0
DA:31,0
DA:32,0
DA:33,0
DA:37,0
DA:38,0
DA:39,0
DA:41,0
DA:50,0
DA:51,0
DA:52,0
DA:53,0
DA:54,0
DA:55,0
DA:56,0
DA:57,0
DA:59,0
DA:60,0
DA:68,0
DA:75,0
DA:76,0
DA:77,0
DA:78,0
DA:81,0
DA:82,0
DA:83,0
DA:84,0
DA:85,0
DA:87,0
DA:88,0
DA:95,0
DA:102,0
DA:109,0
DA:116,0
DA:118,0
DA:120,0
DA:121,0
DA:123,0
DA:125,0
DA:126,0
DA:127,0
DA:129,0
DA:130,0
DA:131,0
DA:133,0
DA:134,0
DA:135,0
DA:145,0
DA:146,0
DA:147,0
DA:149,0
DA:152,0
DA:153,0
DA:155,0
DA:158,0
DA:159,0
DA:160,0
DA:161,0
DA:162,0
DA:163,0
DA:165,0
DA:167,0
DA:180,0
DA:184,0
DA:186,0
DA:191,0
DA:192,0
DA:194,0
DA:195,0
DA:196,0
DA:197,0
DA:198,0
DA:201,0
DA:205,0
DA:214,0
DA:215,0
DA:218,0
DA:219,0
DA:221,0
DA:222,0
DA:225,0
DA:226,0
DA:227,0
DA:230,0
DA:242,0
DA:243,0
DA:257,0
DA:258,0
DA:268,0
DA:269,0
DA:270,0
DA:271,0
DA:272,0
DA:273,0
DA:276,0
DA:278,0
DA:279,0
DA:280,0
DA:281,0
DA:284,0
DA:293,0
DA:294,0
DA:295,0
DA:306,0
DA:308,0
DA:309,0
DA:310,0
DA:311,0
DA:312,0
DA:313,0
DA:314,0
DA:315,0
DA:316,0
DA:317,0
DA:318,0
LF:127
LH:0
BRDA:22,0,0,0
BRDA:25,1,0,0
BRDA:25,1,1,0
BRDA:31,2,0,0
BRDA:31,2,1,0
BRDA:37,3,0,0
BRDA:37,3,1,0
BRDA:38,4,0,0
BRDA:38,4,1,0
BRDA:54,5,0,0
BRDA:54,5,1,0
BRDA:55,6,0,0
BRDA:55,6,1,0
BRDA:74,7,0,0
BRDA:76,8,0,0
BRDA:76,8,1,0
BRDA:85,9,0,0
BRDA:85,9,1,0
BRDA:85,9,2,0
BRDA:87,10,0,0
BRDA:87,10,1,0
BRDA:87,10,2,0
BRDA:118,11,0,0
BRDA:118,11,1,0
BRDA:118,12,0,0
BRDA:118,12,1,0
BRDA:121,13,0,0
BRDA:121,13,1,0
BRDA:125,14,0,0
BRDA:125,14,1,0
BRDA:129,15,0,0
BRDA:129,15,1,0
BRDA:130,16,0,0
BRDA:130,16,1,0
BRDA:149,17,0,0
BRDA:149,17,1,0
BRDA:152,18,0,0
BRDA:152,18,1,0
BRDA:152,19,0,0
BRDA:152,19,1,0
BRDA:153,20,0,0
BRDA:153,20,1,0
BRDA:159,21,0,0
BRDA:159,21,1,0
BRDA:191,22,0,0
BRDA:191,22,1,0
BRDA:194,23,0,0
BRDA:194,23,1,0
BRDA:194,24,0,0
BRDA:194,24,1,0
BRDA:195,25,0,0
BRDA:195,25,1,0
BRDA:214,26,0,0
BRDA:214,26,1,0
BRDA:214,27,0,0
BRDA:214,27,1,0
BRDA:214,27,2,0
BRDA:214,27,3,0
BRDA:221,28,0,0
BRDA:221,28,1,0
BRDA:226,29,0,0
BRDA:226,29,1,0
BRDA:268,30,0,0
BRDA:268,30,1,0
BRDA:268,31,0,0
BRDA:268,31,1,0
BRDA:272,32,0,0
BRDA:272,32,1,0
BRF:68
BRH:0
end_of_record
TN:
SF:src/entities/Text.ts
FN:19,(anonymous_0)
FN:36,(anonymous_1)
FN:40,(anonymous_2)
FN:50,(anonymous_3)
FN:54,(anonymous_4)
FN:64,(anonymous_5)
FN:71,(anonymous_6)
FN:86,(anonymous_7)
FNF:8
FNH:0
FNDA:0,(anonymous_0)
FNDA:0,(anonymous_1)
FNDA:0,(anonymous_2)
FNDA:0,(anonymous_3)
FNDA:0,(anonymous_4)
FNDA:0,(anonymous_5)
FNDA:0,(anonymous_6)
FNDA:0,(anonymous_7)
DA:16,0
DA:17,0
DA:20,0
DA:22,0
DA:23,0
DA:24,0
DA:25,0
DA:26,0
DA:27,0
DA:30,0
DA:37,0
DA:41,0
DA:42,0
DA:43,0
DA:51,0
DA:55,0
DA:56,0
DA:57,0
DA:65,0
DA:72,0
DA:73,0
DA:74,0
DA:75,0
DA:77,0
DA:88,0
DA:89,0
DA:90,0
DA:91,0
DA:92,0
DA:95,0
DA:96,0
DA:97,0
DA:98,0
DA:101,0
LF:34
LH:0
BRDA:23,0,0,0
BRDA:23,0,1,0
BRDA:24,1,0,0
BRDA:24,1,1,0
BRDA:25,2,0,0
BRDA:25,2,1,0
BRDA:26,3,0,0
BRDA:26,3,1,0
BRDA:27,4,0,0
BRDA:27,4,1,0
BRDA:41,5,0,0
BRDA:41,5,1,0
BRDA:55,6,0,0
BRDA:55,6,1,0
BRDA:88,7,0,0
BRDA:88,7,1,0
BRDA:88,8,0,0
BRDA:88,8,1,0
BRDA:88,8,2,0
BRDA:90,9,0,0
BRDA:90,9,1,0
BRDA:91,10,0,0
BRDA:91,10,1,0
BRF:23
BRH:0
end_of_record
TN:
SF:src/gestures/GestureManager.ts
FN:36,(anonymous_0)
FN:174,(anonymous_1)
FN:210,(anonymous_2)
FN:218,(anonymous_3)
FN:265,(anonymous_4)
FN:357,(anonymous_5)
FN:395,(anonymous_6)
FN:404,(anonymous_7)
FN:448,(anonymous_8)
FN:518,(anonymous_9)
FN:44,(anonymous_10)
FN:63,(anonymous_11)
FN:84,(anonymous_12)
FN:93,(anonymous_13)
FN:97,(anonymous_14)
FN:110,(anonymous_15)
FN:141,(anonymous_16)
FN:154,(anonymous_17)
FN:543,(anonymous_18)
FN:567,(anonymous_19)
FN:589,(anonymous_20)
FN:611,(anonymous_21)
FN:620,(anonymous_22)
FNF:23
FNH:0
FNDA:0,(anonymous_0)
FNDA:0,(anonymous_1)
FNDA:0,(anonymous_2)
FNDA:0,(anonymous_3)
FNDA:0,(anonymous_4)
FNDA:0,(anonymous_5)
FNDA:0,(anonymous_6)
FNDA:0,(anonymous_7)
FNDA:0,(anonymous_8)
FNDA:0,(anonymous_9)
FNDA:0,(anonymous_10)
FNDA:0,(anonymous_11)
FNDA:0,(anonymous_12)
FNDA:0,(anonymous_13)
FNDA:0,(anonymous_14)
FNDA:0,(anonymous_15)
FNDA:0,(anonymous_16)
FNDA:0,(anonymous_17)
FNDA:0,(anonymous_18)
FNDA:0,(anonymous_19)
FNDA:0,(anonymous_20)
FNDA:0,(anonymous_21)
FNDA:0,(anonymous_22)
DA:24,0
DA:25,0
DA:26,0
DA:27,0
DA:28,0
DA:29,0
DA:31,0
DA:32,0
DA:33,0
DA:34,0
DA:37,0
DA:38,0
DA:45,0
DA:48,0
DA:49,0
DA:50,0
DA:51,0
DA:54,0
DA:55,0
DA:56,0
DA:57,0
DA:64,0
DA:66,0
DA:67,0
DA:68,0
DA:69,0
DA:71,0
DA:72,0
DA:73,0
DA:74,0
DA:76,0
DA:77,0
DA:85,0
DA:87,0
DA:94,0
DA:95,0
DA:97,0
DA:100,0
DA:101,0
DA:102,0
DA:103,0
DA:107,0
DA:111,0
DA:113,0
DA:114,0
DA:117,0
DA:118,0
DA:119,0
DA:124,0
DA:125,0
DA:128,0
DA:129,0
DA:134,0
DA:135,0
DA:138,0
DA:142,0
DA:143,0
DA:144,0
DA:149,0
DA:150,0
DA:151,0
DA:155,0
DA:156,0
DA:164,0
DA:165,0
DA:168,0
DA:174,0
DA:175,0
DA:176,0
DA:177,0
DA:179,0
DA:188,0
DA:191,0
DA:192,0
DA:193,0
DA:194,0
DA:195,0
DA:203,0
DA:210,0
DA:211,0
DA:218,0
DA:219,0
DA:220,0
DA:222,0
DA:223,0
DA:224,0
DA:225,0
DA:227,0
DA:230,0
DA:231,0
DA:232,0
DA:233,0
DA:237,0
DA:238,0
DA:243,0
DA:244,0
DA:253,0
DA:265,0
DA:266,0
DA:267,0
DA:269,0
DA:270,0
DA:271,0
DA:272,0
DA:275,0
DA:276,0
DA:277,0
DA:280,0
DA:283,0
DA:284,0
DA:285,0
DA:293,0
DA:298,0
DA:301,0
DA:302,0
DA:307,0
DA:308,0
DA:320,0
DA:332,0
DA:333,0
DA:340,0
DA:346,0
DA:349,0
DA:351,0
DA:357,0
DA:358,0
DA:360,0
DA:361,0
DA:362,0
DA:364,0
DA:373,0
DA:376,0
DA:377,0
DA:378,0
DA:379,0
DA:388,0
DA:389,0
DA:393,0
DA:394,0
DA:395,0
DA:396,0
DA:404,0
DA:405,0
DA:407,0
DA:408,0
DA:409,0
DA:410,0
DA:412,0
DA:413,0
DA:414,0
DA:417,0
DA:418,0
DA:419,0
DA:420,0
DA:424,0
DA:429,0
DA:430,0
DA:440,0
DA:441,0
DA:448,0
DA:449,0
DA:450,0
DA:451,0
DA:452,0
DA:454,0
DA:455,0
DA:456,0
DA:459,0
DA:460,0
DA:461,0
DA:464,0
DA:467,0
DA:468,0
DA:469,0
DA:475,0
DA:478,0
DA:479,0
DA:484,0
DA:485,0
DA:498,0
DA:499,0
DA:504,0
DA:507,0
DA:510,0
DA:511,0
DA:518,0
DA:519,0
DA:520,0
DA:521,0
DA:524,0
DA:525,0
DA:527,0
DA:528,0
DA:533,0
DA:536,0
DA:537,0
DA:544,0
DA:545,0
DA:547,0
DA:548,0
DA:549,0
DA:557,0
DA:568,0
DA:570,0
DA:571,0
DA:572,0
DA:573,0
DA:578,0
DA:583,0
DA:590,0
DA:592,0
DA:593,0
DA:594,0
DA:595,0
DA:600,0
DA:601,0
DA:604,0
DA:605,0
DA:612,0
DA:613,0
DA:614,0
DA:621,0
DA:622,0
DA:624,0
DA:625,0
DA:627,0
LF:226
LH:0
BRDA:193,0,0,0
BRDA:193,0,1,0
BRDA:220,1,0,0
BRDA:220,1,1,0
BRDA:231,2,0,0
BRDA:231,2,1,0
BRDA:231,3,0,0
BRDA:231,3,1,0
BRDA:237,4,0,0
BRDA:237,4,1,0
BRDA:243,5,0,0
BRDA:243,5,1,0
BRDA:267,6,0,0
BRDA:267,6,1,0
BRDA:275,7,0,0
BRDA:275,7,1,0
BRDA:283,8,0,0
BRDA:283,8,1,0
BRDA:283,9,0,0
BRDA:283,9,1,0
BRDA:284,10,0,0
BRDA:284,10,1,0
BRDA:298,11,0,0
BRDA:298,11,1,0
BRDA:307,12,0,0
BRDA:307,12,1,0
BRDA:332,13,0,0
BRDA:332,13,1,0
BRDA:377,14,0,0
BRDA:377,14,1,0
BRDA:377,15,0,0
BRDA:377,15,1,0
BRDA:388,16,0,0
BRDA:388,16,1,0
BRDA:393,17,0,0
BRDA:393,17,1,0
BRDA:410,18,0,0
BRDA:410,18,1,0
BRDA:418,19,0,0
BRDA:418,19,1,0
BRDA:418,20,0,0
BRDA:418,20,1,0
BRDA:429,21,0,0
BRDA:429,21,1,0
BRDA:440,22,0,0
BRDA:440,22,1,0
BRDA:452,23,0,0
BRDA:452,23,1,0
BRDA:459,24,0,0
BRDA:459,24,1,0
BRDA:467,25,0,0
BRDA:467,25,1,0
BRDA:467,26,0,0
BRDA:467,26,1,0
BRDA:468,27,0,0
BRDA:468,27,1,0
BRDA:475,28,0,0
BRDA:475,28,1,0
BRDA:484,29,0,0
BRDA:484,29,1,0
BRDA:498,30,0,0
BRDA:498,30,1,0
BRDA:498,31,0,0
BRDA:498,31,1,0
BRDA:510,32,0,0
BRDA:510,32,1,0
BRDA:519,33,0,0
BRDA:519,33,1,0
BRDA:527,34,0,0
BRDA:527,34,1,0
BRDA:76,35,0,0
BRDA:76,35,1,0
BRDA:95,36,0,0
BRDA:95,36,1,0
BRDA:97,37,0,0
BRDA:97,37,1,0
BRDA:102,38,0,0
BRDA:102,38,1,0
BRDA:111,39,0,0
BRDA:111,39,1,0
BRDA:113,40,0,0
BRDA:113,40,1,0
BRDA:117,41,0,0
BRDA:117,41,1,0
BRDA:128,42,0,0
BRDA:128,42,1,0
BRDA:138,43,0,0
BRDA:138,43,1,0
BRDA:142,44,0,0
BRDA:142,44,1,0
BRDA:143,45,0,0
BRDA:143,45,1,0
BRDA:155,46,0,0
BRDA:155,46,1,0
BRDA:161,47,0,0
BRDA:161,47,1,0
BRDA:164,48,0,0
BRDA:164,48,1,0
BRDA:545,49,0,0
BRDA:545,49,1,0
BRDA:548,50,0,0
BRDA:548,50,1,0
BRDA:568,51,0,0
BRDA:568,51,1,0
BRDA:590,52,0,0
BRDA:590,52,1,0
BRDA:590,53,0,0
BRDA:590,53,1,0
BRDA:600,54,0,0
BRDA:600,54,1,0
BRDA:624,55,0,0
BRDA:624,55,1,0
BRDA:625,56,0,0
BRDA:625,56,1,0
BRDA:627,57,0,0
BRDA:627,57,1,0
BRF:116
BRH:0
end_of_record
TN:
SF:src/ui/Button.ts
FN:30,(anonymous_0)
FN:59,(anonymous_1)
FN:65,(anonymous_2)
FN:70,(anonymous_3)
FN:75,(anonymous_4)
FN:80,(anonymous_5)
FN:90,(anonymous_6)
FN:97,(anonymous_7)
FN:106,(anonymous_8)
FN:114,(anonymous_9)
FN:118,(anonymous_10)
FN:125,(anonymous_11)
FN:135,(anonymous_12)
FNF:13
FNH:0
FNDA:0,(anonymous_0)
FNDA:0,(anonymous_1)
FNDA:0,(anonymous_2)
FNDA:0,(anonymous_3)
FNDA:0,(anonymous_4)
FNDA:0,(anonymous_5)
FNDA:0,(anonymous_6)
FNDA:0,(anonymous_7)
FNDA:0,(anonymous_8)
FNDA:0,(anonymous_9)
FNDA:0,(anonymous_10)
FNDA:0,(anonymous_11)
FNDA:0,(anonymous_12)
DA:25,0
DA:26,0
DA:31,0
DA:32,0
DA:34,0
DA:43,0
DA:44,0
DA:45,0
DA:46,0
DA:49,0
DA:56,0
DA:59,0
DA:60,0
DA:61,0
DA:65,0
DA:66,0
DA:67,0
DA:70,0
DA:71,0
DA:72,0
DA:75,0
DA:76,0
DA:77,0
DA:80,0
DA:81,0
DA:82,0
DA:83,0
DA:91,0
DA:98,0
DA:99,0
DA:100,0
DA:107,0
DA:108,0
DA:109,0
DA:110,0
DA:111,0
DA:115,0
DA:119,0
DA:126,0
DA:127,0
DA:128,0
DA:129,0
DA:131,0
DA:136,0
LF:44
LH:0
BRDA:31,0,0,0
BRDA:31,0,1,0
BRDA:32,1,0,0
BRDA:32,1,1,0
BRDA:38,2,0,0
BRDA:38,2,1,0
BRDA:39,3,0,0
BRDA:39,3,1,0
BRDA:43,4,0,0
BRDA:43,4,1,0
BRDA:44,5,0,0
BRDA:44,5,1,0
BRDA:45,6,0,0
BRDA:45,6,1,0
BRDA:51,7,0,0
BRDA:51,7,1,0
BRDA:52,8,0,0
BRDA:52,8,1,0
BRDA:60,9,0,0
BRDA:60,9,1,0
BRDA:126,10,0,0
BRDA:126,10,1,0
BRDA:128,11,0,0
BRDA:128,11,1,0
BRF:24
BRH:0
end_of_record
TN:
SF:src/utils/AssetLoader.ts
FN:4,(anonymous_0)
FN:11,(anonymous_1)
FN:23,(anonymous_2)
FN:25,(anonymous_3)
FN:30,(anonymous_4)
FN:44,(anonymous_5)
FN:45,(anonymous_6)
FN:52,(anonymous_7)
FN:59,(anonymous_8)
FN:66,(anonymous_9)
FNF:10
FNH:0
FNDA:0,(anonymous_0)
FNDA:0,(anonymous_1)
FNDA:0,(anonymous_2)
FNDA:0,(anonymous_3)
FNDA:0,(anonymous_4)
FNDA:0,(anonymous_5)
FNDA:0,(anonymous_6)
FNDA:0,(anonymous_7)
FNDA:0,(anonymous_8)
FNDA:0,(anonymous_9)
DA:5,0
DA:6,0
DA:13,0
DA:14,0
DA:18,0
DA:19,0
DA:23,0
DA:24,0
DA:25,0
DA:26,0
DA:27,0
DA:28,0
DA:30,0
DA:31,0
DA:32,0
DA:34,0
DA:37,0
DA:38,0
DA:45,0
DA:46,0
DA:53,0
DA:60,0
DA:67,0
DA:68,0
DA:73,0
LF:25
LH:0
BRDA:13,0,0,0
BRDA:13,0,1,0
BRDA:18,1,0,0
BRDA:18,1,1,0
BRDA:53,2,0,0
BRDA:53,2,1,0
BRF:6
BRH:0
end_of_record
TN:
SF:src/utils/easing.ts
FN:7,(anonymous_0)
FN:10,(anonymous_1)
FN:11,(anonymous_2)
FN:12,(anonymous_3)
FN:15,(anonymous_4)
FN:16,(anonymous_5)
FN:17,(anonymous_6)
FN:21,(anonymous_7)
FN:22,(anonymous_8)
FN:23,(anonymous_9)
FN:27,(anonymous_10)
FN:28,(anonymous_11)
FN:29,(anonymous_12)
FN:33,(anonymous_13)
FN:34,(anonymous_14)
FN:35,(anonymous_15)
FN:38,(anonymous_16)
FN:39,(anonymous_17)
FN:40,(anonymous_18)
FN:47,(anonymous_19)
FN:48,(anonymous_20)
FN:49,(anonymous_21)
FN:55,(anonymous_22)
FN:60,(anonymous_23)
FN:65,(anonymous_24)
FN:74,(anonymous_25)
FN:78,(anonymous_26)
FN:82,(anonymous_27)
FN:94,(anonymous_28)
FN:97,(anonymous_29)
FN:111,(anonymous_30)
FNF:31
FNH:31
FNDA:208,(anonymous_0)
FNDA:126,(anonymous_1)
FNDA:123,(anonymous_2)
FNDA:123,(anonymous_3)
FNDA:123,(anonymous_4)
FNDA:121,(anonymous_5)
FNDA:119,(anonymous_6)
FNDA:123,(anonymous_7)
FNDA:121,(anonymous_8)
FNDA:119,(anonymous_9)
FNDA:122,(anonymous_10)
FNDA:121,(anonymous_11)
FNDA:119,(anonymous_12)
FNDA:120,(anonymous_13)
FNDA:120,(anonymous_14)
FNDA:121,(anonymous_15)
FNDA:121,(anonymous_16)
FNDA:121,(anonymous_17)
FNDA:121,(anonymous_18)
FNDA:120,(anonymous_19)
FNDA:120,(anonymous_20)
FNDA:121,(anonymous_21)
FNDA:120,(anonymous_22)
FNDA:120,(anonymous_23)
FNDA:121,(anonymous_24)
FNDA:131,(anonymous_25)
FNDA:131,(anonymous_26)
FNDA:121,(anonymous_27)
FNDA:130,(anonymous_28)
FNDA:481,(anonymous_29)
FNDA:121,(anonymous_30)
DA:6,3
DA:7,208
DA:10,126
DA:11,123
DA:12,123
DA:15,123
DA:16,121
DA:18,119
DA:21,123
DA:22,121
DA:24,119
DA:27,122
DA:28,121
DA:30,119
DA:33,120
DA:34,120
DA:35,121
DA:38,121
DA:39,121
DA:41,121
DA:42,111
DA:43,58
DA:47,120
DA:48,120
DA:50,121
DA:56,120
DA:57,120
DA:58,120
DA:61,120
DA:62,120
DA:63,120
DA:66,121
DA:67,121
DA:68,121
DA:75,131
DA:76,131
DA:79,131
DA:80,131
DA:83,121
DA:84,121
DA:95,130
DA:98,481
DA:99,481
DA:101,481
DA:102,174
DA:103,307
DA:104,170
DA:105,137
DA:106,82
DA:108,55
DA:112,121
LF:51
LH:51
BRDA:12,0,0,58
BRDA:12,0,1,65
BRDA:18,1,0,57
BRDA:18,1,1,62
BRDA:24,2,0,57
BRDA:24,2,1,62
BRDA:30,3,0,57
BRDA:30,3,1,62
BRDA:38,4,0,5
BRDA:38,4,1,116
BRDA:39,5,0,5
BRDA:39,5,1,116
BRDA:41,6,0,10
BRDA:41,6,1,111
BRDA:41,7,0,121
BRDA:41,7,1,116
BRDA:42,8,0,53
BRDA:42,8,1,58
BRDA:50,9,0,57
BRDA:50,9,1,64
BRDA:68,10,0,58
BRDA:68,10,1,63
BRDA:76,11,0,5
BRDA:76,11,1,126
BRDA:76,12,0,5
BRDA:76,12,1,121
BRDA:80,13,0,5
BRDA:80,13,1,126
BRDA:80,14,0,5
BRDA:80,14,1,121
BRDA:84,15,0,5
BRDA:84,15,1,116
BRDA:86,16,0,5
BRDA:86,16,1,111
BRDA:88,17,0,53
BRDA:88,17,1,58
BRDA:101,18,0,174
BRDA:101,18,1,307
BRDA:103,19,0,170
BRDA:103,19,1,137
BRDA:105,20,0,82
BRDA:105,20,1,55
BRDA:112,21,0,58
BRDA:112,21,1,63
BRF:44
BRH:44
end_of_record
TN:
SF:src/utils/fonts.ts
FN:13,loadGoogleFont
FN:41,(anonymous_1)
FN:47,(anonymous_2)
FN:61,loadGoogleFonts
FN:65,(anonymous_4)
FN:72,loadCustomFont
FNF:6
FNH:0
FNDA:0,loadGoogleFont
FNDA:0,(anonymous_1)
FNDA:0,(anonymous_2)
FNDA:0,loadGoogleFonts
FNDA:0,(anonymous_4)
FNDA:0,loadCustomFont
DA:5,0
DA:17,0
DA:19,0
DA:20,0
DA:24,0
DA:25,0
DA:31,0
DA:32,0
DA:33,0
DA:34,0
DA:37,0
DA:39,0
DA:40,0
DA:42,0
DA:47,0
DA:50,0
DA:52,0
DA:54,0
DA:64,0
DA:65,0
DA:77,0
DA:79,0
DA:80,0
DA:83,0
DA:84,0
DA:85,0
DA:86,0
DA:87,0
DA:89,0
DA:90,0
LF:30
LH:0
BRDA:15,0,0,0
BRDA:19,1,0,0
BRDA:19,1,1,0
BRDA:39,2,0,0
BRDA:39,2,1,0
BRDA:75,3,0,0
BRDA:79,4,0,0
BRDA:79,4,1,0
BRF:8
BRH:0
end_of_record
TN:
SF:src/utils/layout.ts
FN:23,layoutGrid
FN:40,layoutCircle
FN:49,(anonymous_2)
FN:59,layoutRow
FN:65,(anonymous_4)
FN:74,layoutColumn
FN:80,(anonymous_6)
FN:89,center
FNF:8
FNH:0
FNDA:0,layoutGrid
FNDA:0,layoutCircle
FNDA:0,(anonymous_2)
FNDA:0,layoutRow
FNDA:0,(anonymous_4)
FNDA:0,layoutColumn
FNDA:0,(anonymous_6)
FNDA:0,center
DA:24,0
DA:26,0
DA:27,0
DA:28,0
DA:29,0
DA:30,0
DA:31,0
DA:32,0
DA:47,0
DA:49,0
DA:50,0
DA:51,0
DA:52,0
DA:65,0
DA:66,0
DA:67,0
DA:80,0
DA:81,0
DA:82,0
DA:90,0
DA:91,0
LF:21
LH:0
BRDA:24,0,0,0
BRDA:24,1,0,0
BRDA:24,2,0,0
BRDA:27,3,0,0
BRDA:27,3,1,0
BRDA:28,4,0,0
BRDA:28,4,1,0
BRDA:45,5,0,0
BRF:8
BRH:0
end_of_record
TN:
SF:src/utils/math.ts
FN:8,clamp
FN:15,lerp
FN:22,map
FN:35,randomInt
FN:42,randomFloat
FN:49,randomItem
FNF:6
FNH:6
FNDA:19,clamp
FNDA:22,lerp
FNDA:18,map
FNDA:11303,randomInt
FNDA:10403,randomFloat
FNDA:10108,randomItem
DA:9,19
DA:16,22
DA:29,18
DA:36,11303
DA:43,10403
DA:50,10108
LF:6
LH:6
BRF:0
BRH:0
end_of_record
TN:
SF:src/utils/storage.ts
FN:11,(anonymous_0)
FN:23,(anonymous_1)
FN:39,(anonymous_2)
FN:50,(anonymous_3)
FN:53,(anonymous_4)
FN:66,(anonymous_5)
FN:73,(anonymous_6)
FN:76,(anonymous_7)
FN:77,(anonymous_8)
FNF:9
FNH:0
FNDA:0,(anonymous_0)
FNDA:0,(anonymous_1)
FNDA:0,(anonymous_2)
FNDA:0,(anonymous_3)
FNDA:0,(anonymous_4)
FNDA:0,(anonymous_5)
FNDA:0,(anonymous_6)
FNDA:0,(anonymous_7)
FNDA:0,(anonymous_8)
DA:5,0
DA:12,0
DA:13,0
DA:14,0
DA:16,0
DA:24,0
DA:25,0
DA:26,0
DA:27,0
DA:29,0
DA:31,0
DA:32,0
DA:40,0
DA:41,0
DA:43,0
DA:51,0
DA:52,0
DA:53,0
DA:54,0
DA:55,0
DA:59,0
DA:67,0
DA:74,0
DA:75,0
DA:76,0
DA:77,0
LF:26
LH:0
BRDA:26,0,0,0
BRDA:26,0,1,0
BRDA:27,1,0,0
BRDA:27,1,1,0
BRDA:32,2,0,0
BRDA:32,2,1,0
BRDA:54,3,0,0
BRDA:54,3,1,0
BRF:8
BRH:0
end_of_record
TN:
SF:src/utils/timer.ts
FN:12,(anonymous_0)
FN:19,(anonymous_1)
FN:21,(anonymous_2)
FN:30,(anonymous_3)
FN:43,(anonymous_4)
FN:51,(anonymous_5)
FN:64,(anonymous_6)
FN:65,(anonymous_7)
FN:78,delay
FN:85,interval
FN:92,wait
FN:93,(anonymous_11)
FNF:12
FNH:12
FNDA:1,(anonymous_0)
FNDA:14,(anonymous_1)
FNDA:6,(anonymous_2)
FNDA:2,(anonymous_3)
FNDA:8,(anonymous_4)
FNDA:1,(anonymous_5)
FNDA:20,(anonymous_6)
FNDA:14,(anonymous_7)
FNDA:14,delay
FNDA:8,interval
FNDA:2,wait
FNDA:2,(anonymous_11)
DA:13,1
DA:14,1
DA:20,14
DA:21,14
DA:22,6
DA:23,6
DA:26,14
DA:28,14
DA:31,2
DA:32,2
DA:33,1
DA:34,1
DA:44,8
DA:45,8
DA:47,8
DA:49,8
DA:52,1
DA:53,1
DA:54,1
DA:55,1
DA:65,20
DA:66,14
DA:67,14
DA:69,20
DA:73,1
DA:79,14
DA:86,8
DA:93,2
LF:28
LH:28
BRDA:32,0,0,1
BRDA:32,0,1,1
BRDA:53,1,0,1
BRDA:53,1,1,0
BRF:4
BRH:3
end_of_record
